05:39:14 INFO  : Launching XSCT server: xsct.bat -n  -interactive C:\Users\ZhouLin\Desktop\Sound_source_localization\ov5640_single\ov5640_single.vitis\temp_xsdb_launch_script.tcl
05:39:19 INFO  : XSCT server has started successfully.
05:39:20 INFO  : Registering command handlers for Vitis TCF services
05:39:22 INFO  : Successfully done setting XSCT server connection channel  
05:39:22 INFO  : plnx-install-location is set to ''
05:39:22 INFO  : Successfully done query RDI_DATADIR 
05:39:22 INFO  : Successfully done setting workspace for the tool. 
05:42:35 INFO  : Checking for BSP changes to sync application flags for project 'zynq'...
05:43:01 INFO  : Connected to target on host '127.0.0.1' and port '3121'.
05:43:02 INFO  : Jtag cable 'Platform Cable USB 00000000000000' is selected.
05:43:02 INFO  : 'jtag frequency' command is executed.
05:43:02 INFO  : Context for 'APU' is selected.
05:43:02 INFO  : System reset is completed.
05:43:05 INFO  : 'after 3000' command is executed.
05:43:05 INFO  : 'targets -set -filter {jtag_cable_name =~ "Platform Cable USB 00000000000000" && level==0} -index 1' command is executed.
05:43:08 INFO  : FPGA configured successfully with bitstream "C:/Users/ZhouLin/Desktop/Sound_source_localization/ov5640_single/ov5640_single.vitis/zynq/_ide/bitstream/system_wrapper.bit"
05:43:08 INFO  : Context for 'APU' is selected.
05:43:08 INFO  : Hardware design information is loaded from 'C:/Users/ZhouLin/Desktop/Sound_source_localization/ov5640_single/ov5640_single.vitis/system_wrapper/export/system_wrapper/hw/system_wrapper.xsa'.
05:43:08 INFO  : 'configparams force-mem-access 1' command is executed.
05:43:08 INFO  : Context for 'APU' is selected.
05:43:08 INFO  : Sourcing of 'C:/Users/ZhouLin/Desktop/Sound_source_localization/ov5640_single/ov5640_single.vitis/zynq/_ide/psinit/ps7_init.tcl' is done.
05:43:08 INFO  : 'ps7_init' command is executed.
05:43:08 INFO  : 'ps7_post_config' command is executed.
05:43:08 INFO  : Context for processor 'ps7_cortexa9_0' is selected.
05:43:10 INFO  : The application 'C:/Users/ZhouLin/Desktop/Sound_source_localization/ov5640_single/ov5640_single.vitis/zynq/Debug/zynq.elf' is downloaded to processor 'ps7_cortexa9_0'.
05:43:10 INFO  : 'configparams force-mem-access 0' command is executed.
05:43:10 INFO  : ----------------XSDB Script----------------
connect -url tcp:127.0.0.1:3121
targets -set -nocase -filter {name =~"APU*"}
rst -system
after 3000
targets -set -filter {jtag_cable_name =~ "Platform Cable USB 00000000000000" && level==0} -index 1
fpga -file C:/Users/ZhouLin/Desktop/Sound_source_localization/ov5640_single/ov5640_single.vitis/zynq/_ide/bitstream/system_wrapper.bit
targets -set -nocase -filter {name =~"APU*"}
loadhw -hw C:/Users/ZhouLin/Desktop/Sound_source_localization/ov5640_single/ov5640_single.vitis/system_wrapper/export/system_wrapper/hw/system_wrapper.xsa -mem-ranges [list {0x40000000 0xbfffffff}]
configparams force-mem-access 1
targets -set -nocase -filter {name =~"APU*"}
source C:/Users/ZhouLin/Desktop/Sound_source_localization/ov5640_single/ov5640_single.vitis/zynq/_ide/psinit/ps7_init.tcl
ps7_init
ps7_post_config
targets -set -nocase -filter {name =~ "*A9*#0"}
dow C:/Users/ZhouLin/Desktop/Sound_source_localization/ov5640_single/ov5640_single.vitis/zynq/Debug/zynq.elf
configparams force-mem-access 0
----------------End of Script----------------

05:43:10 INFO  : Memory regions updated for context APU
05:43:10 INFO  : Context for processor 'ps7_cortexa9_0' is selected.
05:43:10 INFO  : 'con' command is executed.
05:43:10 INFO  : ----------------XSDB Script (After Launch)----------------
targets -set -nocase -filter {name =~ "*A9*#0"}
con
----------------End of Script----------------

05:43:10 INFO  : Launch script is exported to file 'C:\Users\ZhouLin\Desktop\Sound_source_localization\ov5640_single\ov5640_single.vitis\.sdk\launch_scripts\single_application_debug\systemdebugger_zynq_system_standalone.tcl'
05:46:14 INFO  : Disconnected from the channel tcfchan#3.
05:46:14 INFO  : Connected to target on host '127.0.0.1' and port '3121'.
05:46:23 INFO  : ----------------XSDB Script----------------
connect -url tcp:127.0.0.1:3121
----------------End of Script----------------

05:46:23 ERROR : Could not find ARM device on the board for connection 'Local'.
Check if the target is in:
1. Split JTAG - No operations are possible with ARM DAP.
2. Non JTAG bootmode - Bootrom may need time to enable DAP.
Please try again.


Troubleshooting hints:
1. Check whether board is connected to system properly.
2. In case of zynq board, check whether Digilent/Xilinx cable switch settings are correct.
3. If you are using Xilinx Platform Cable USB, ensure that status LED is green.
05:46:26 INFO  : Connected to target on host '127.0.0.1' and port '3121'.
05:46:35 INFO  : ----------------XSDB Script----------------
connect -url tcp:127.0.0.1:3121
----------------End of Script----------------

05:46:35 ERROR : Could not find ARM device on the board for connection 'Local'.
Check if the target is in:
1. Split JTAG - No operations are possible with ARM DAP.
2. Non JTAG bootmode - Bootrom may need time to enable DAP.
Please try again.


Troubleshooting hints:
1. Check whether board is connected to system properly.
2. In case of zynq board, check whether Digilent/Xilinx cable switch settings are correct.
3. If you are using Xilinx Platform Cable USB, ensure that status LED is green.
05:46:41 INFO  : Connected to target on host '127.0.0.1' and port '3121'.
05:46:50 INFO  : ----------------XSDB Script----------------
connect -url tcp:127.0.0.1:3121
----------------End of Script----------------

05:46:50 ERROR : Could not find ARM device on the board for connection 'Local'.
Check if the target is in:
1. Split JTAG - No operations are possible with ARM DAP.
2. Non JTAG bootmode - Bootrom may need time to enable DAP.
Please try again.


Troubleshooting hints:
1. Check whether board is connected to system properly.
2. In case of zynq board, check whether Digilent/Xilinx cable switch settings are correct.
3. If you are using Xilinx Platform Cable USB, ensure that status LED is green.
05:46:59 INFO  : Connected to target on host '127.0.0.1' and port '3121'.
05:47:08 INFO  : ----------------XSDB Script----------------
connect -url tcp:127.0.0.1:3121
----------------End of Script----------------

05:47:08 ERROR : Could not find ARM device on the board for connection 'Local'.
Check if the target is in:
1. Split JTAG - No operations are possible with ARM DAP.
2. Non JTAG bootmode - Bootrom may need time to enable DAP.
Please try again.


Troubleshooting hints:
1. Check whether board is connected to system properly.
2. In case of zynq board, check whether Digilent/Xilinx cable switch settings are correct.
3. If you are using Xilinx Platform Cable USB, ensure that status LED is green.
05:47:12 INFO  : Connected to target on host '127.0.0.1' and port '3121'.
05:47:21 INFO  : ----------------XSDB Script----------------
connect -url tcp:127.0.0.1:3121
----------------End of Script----------------

05:47:21 ERROR : Could not find ARM device on the board for connection 'Local'.
Check if the target is in:
1. Split JTAG - No operations are possible with ARM DAP.
2. Non JTAG bootmode - Bootrom may need time to enable DAP.
Please try again.


Troubleshooting hints:
1. Check whether board is connected to system properly.
2. In case of zynq board, check whether Digilent/Xilinx cable switch settings are correct.
3. If you are using Xilinx Platform Cable USB, ensure that status LED is green.
05:47:25 INFO  : Connected to target on host '127.0.0.1' and port '3121'.
05:47:34 INFO  : ----------------XSDB Script----------------
connect -url tcp:127.0.0.1:3121
----------------End of Script----------------

05:47:34 ERROR : Could not find ARM device on the board for connection 'Local'.
Check if the target is in:
1. Split JTAG - No operations are possible with ARM DAP.
2. Non JTAG bootmode - Bootrom may need time to enable DAP.
Please try again.


Troubleshooting hints:
1. Check whether board is connected to system properly.
2. In case of zynq board, check whether Digilent/Xilinx cable switch settings are correct.
3. If you are using Xilinx Platform Cable USB, ensure that status LED is green.
05:47:50 INFO  : Connected to target on host '127.0.0.1' and port '3121'.
05:47:50 INFO  : Jtag cable 'Platform Cable USB 00000000000000' is selected.
05:47:50 INFO  : 'jtag frequency' command is executed.
05:47:50 INFO  : Context for 'APU' is selected.
05:47:50 INFO  : System reset is completed.
05:47:53 INFO  : 'after 3000' command is executed.
05:47:53 INFO  : 'targets -set -filter {jtag_cable_name =~ "Platform Cable USB 00000000000000" && level==0} -index 1' command is executed.
05:47:56 INFO  : FPGA configured successfully with bitstream "C:/Users/ZhouLin/Desktop/Sound_source_localization/ov5640_single/ov5640_single.vitis/zynq/_ide/bitstream/system_wrapper.bit"
05:47:56 INFO  : Context for 'APU' is selected.
05:47:56 INFO  : Hardware design information is loaded from 'C:/Users/ZhouLin/Desktop/Sound_source_localization/ov5640_single/ov5640_single.vitis/system_wrapper/export/system_wrapper/hw/system_wrapper.xsa'.
05:47:56 INFO  : 'configparams force-mem-access 1' command is executed.
05:47:56 INFO  : Context for 'APU' is selected.
05:47:56 INFO  : Sourcing of 'C:/Users/ZhouLin/Desktop/Sound_source_localization/ov5640_single/ov5640_single.vitis/zynq/_ide/psinit/ps7_init.tcl' is done.
05:47:56 INFO  : 'ps7_init' command is executed.
05:47:56 INFO  : 'ps7_post_config' command is executed.
05:47:56 INFO  : Context for processor 'ps7_cortexa9_0' is selected.
05:47:58 INFO  : The application 'C:/Users/ZhouLin/Desktop/Sound_source_localization/ov5640_single/ov5640_single.vitis/zynq/Debug/zynq.elf' is downloaded to processor 'ps7_cortexa9_0'.
05:47:58 INFO  : 'configparams force-mem-access 0' command is executed.
05:47:58 INFO  : ----------------XSDB Script----------------
connect -url tcp:127.0.0.1:3121
targets -set -nocase -filter {name =~"APU*"}
rst -system
after 3000
targets -set -filter {jtag_cable_name =~ "Platform Cable USB 00000000000000" && level==0} -index 1
fpga -file C:/Users/ZhouLin/Desktop/Sound_source_localization/ov5640_single/ov5640_single.vitis/zynq/_ide/bitstream/system_wrapper.bit
targets -set -nocase -filter {name =~"APU*"}
loadhw -hw C:/Users/ZhouLin/Desktop/Sound_source_localization/ov5640_single/ov5640_single.vitis/system_wrapper/export/system_wrapper/hw/system_wrapper.xsa -mem-ranges [list {0x40000000 0xbfffffff}]
configparams force-mem-access 1
targets -set -nocase -filter {name =~"APU*"}
source C:/Users/ZhouLin/Desktop/Sound_source_localization/ov5640_single/ov5640_single.vitis/zynq/_ide/psinit/ps7_init.tcl
ps7_init
ps7_post_config
targets -set -nocase -filter {name =~ "*A9*#0"}
dow C:/Users/ZhouLin/Desktop/Sound_source_localization/ov5640_single/ov5640_single.vitis/zynq/Debug/zynq.elf
configparams force-mem-access 0
----------------End of Script----------------

05:47:58 INFO  : Memory regions updated for context APU
05:47:58 INFO  : Context for processor 'ps7_cortexa9_0' is selected.
05:47:58 INFO  : 'con' command is executed.
05:47:58 INFO  : ----------------XSDB Script (After Launch)----------------
targets -set -nocase -filter {name =~ "*A9*#0"}
con
----------------End of Script----------------

05:47:58 INFO  : Launch script is exported to file 'C:\Users\ZhouLin\Desktop\Sound_source_localization\ov5640_single\ov5640_single.vitis\.sdk\launch_scripts\single_application_debug\systemdebugger_zynq_system_standalone.tcl'
06:04:21 INFO  : Checking for BSP changes to sync application flags for project 'zynq'...
06:04:30 INFO  : Disconnected from the channel tcfchan#4.
06:04:30 INFO  : Connected to target on host '127.0.0.1' and port '3121'.
06:04:39 INFO  : ----------------XSDB Script----------------
connect -url tcp:127.0.0.1:3121
----------------End of Script----------------

06:04:39 ERROR : Could not find ARM device on the board for connection 'Local'.
Check if the target is in:
1. Split JTAG - No operations are possible with ARM DAP.
2. Non JTAG bootmode - Bootrom may need time to enable DAP.
Please try again.


Troubleshooting hints:
1. Check whether board is connected to system properly.
2. In case of zynq board, check whether Digilent/Xilinx cable switch settings are correct.
3. If you are using Xilinx Platform Cable USB, ensure that status LED is green.
06:04:43 INFO  : Connected to target on host '127.0.0.1' and port '3121'.
06:04:52 INFO  : ----------------XSDB Script----------------
connect -url tcp:127.0.0.1:3121
----------------End of Script----------------

06:04:52 ERROR : Could not find ARM device on the board for connection 'Local'.
Check if the target is in:
1. Split JTAG - No operations are possible with ARM DAP.
2. Non JTAG bootmode - Bootrom may need time to enable DAP.
Please try again.


Troubleshooting hints:
1. Check whether board is connected to system properly.
2. In case of zynq board, check whether Digilent/Xilinx cable switch settings are correct.
3. If you are using Xilinx Platform Cable USB, ensure that status LED is green.
06:05:01 INFO  : Connected to target on host '127.0.0.1' and port '3121'.
06:05:10 INFO  : ----------------XSDB Script----------------
connect -url tcp:127.0.0.1:3121
----------------End of Script----------------

06:05:10 ERROR : Could not find ARM device on the board for connection 'Local'.
Check if the target is in:
1. Split JTAG - No operations are possible with ARM DAP.
2. Non JTAG bootmode - Bootrom may need time to enable DAP.
Please try again.


Troubleshooting hints:
1. Check whether board is connected to system properly.
2. In case of zynq board, check whether Digilent/Xilinx cable switch settings are correct.
3. If you are using Xilinx Platform Cable USB, ensure that status LED is green.
06:05:13 INFO  : Connected to target on host '127.0.0.1' and port '3121'.
06:05:22 INFO  : ----------------XSDB Script----------------
connect -url tcp:127.0.0.1:3121
----------------End of Script----------------

06:05:22 ERROR : Could not find ARM device on the board for connection 'Local'.
Check if the target is in:
1. Split JTAG - No operations are possible with ARM DAP.
2. Non JTAG bootmode - Bootrom may need time to enable DAP.
Please try again.


Troubleshooting hints:
1. Check whether board is connected to system properly.
2. In case of zynq board, check whether Digilent/Xilinx cable switch settings are correct.
3. If you are using Xilinx Platform Cable USB, ensure that status LED is green.
06:05:30 INFO  : Connected to target on host '127.0.0.1' and port '3121'.
06:05:39 INFO  : ----------------XSDB Script----------------
connect -url tcp:127.0.0.1:3121
----------------End of Script----------------

06:05:39 ERROR : Could not find ARM device on the board for connection 'Local'.
Check if the target is in:
1. Split JTAG - No operations are possible with ARM DAP.
2. Non JTAG bootmode - Bootrom may need time to enable DAP.
Please try again.


Troubleshooting hints:
1. Check whether board is connected to system properly.
2. In case of zynq board, check whether Digilent/Xilinx cable switch settings are correct.
3. If you are using Xilinx Platform Cable USB, ensure that status LED is green.
06:05:43 INFO  : Connected to target on host '127.0.0.1' and port '3121'.
06:05:52 INFO  : ----------------XSDB Script----------------
connect -url tcp:127.0.0.1:3121
----------------End of Script----------------

06:05:52 ERROR : Could not find ARM device on the board for connection 'Local'.
Check if the target is in:
1. Split JTAG - No operations are possible with ARM DAP.
2. Non JTAG bootmode - Bootrom may need time to enable DAP.
Please try again.


Troubleshooting hints:
1. Check whether board is connected to system properly.
2. In case of zynq board, check whether Digilent/Xilinx cable switch settings are correct.
3. If you are using Xilinx Platform Cable USB, ensure that status LED is green.
06:06:06 INFO  : Connected to target on host '127.0.0.1' and port '3121'.
06:06:16 INFO  : ----------------XSDB Script----------------
connect -url tcp:127.0.0.1:3121
----------------End of Script----------------

06:06:16 ERROR : Could not find ARM device on the board for connection 'Local'.
Check if the target is in:
1. Split JTAG - No operations are possible with ARM DAP.
2. Non JTAG bootmode - Bootrom may need time to enable DAP.
Please try again.


Troubleshooting hints:
1. Check whether board is connected to system properly.
2. In case of zynq board, check whether Digilent/Xilinx cable switch settings are correct.
3. If you are using Xilinx Platform Cable USB, ensure that status LED is green.
06:06:20 INFO  : Connected to target on host '127.0.0.1' and port '3121'.
06:06:29 INFO  : ----------------XSDB Script----------------
connect -url tcp:127.0.0.1:3121
----------------End of Script----------------

06:06:29 ERROR : Could not find ARM device on the board for connection 'Local'.
Check if the target is in:
1. Split JTAG - No operations are possible with ARM DAP.
2. Non JTAG bootmode - Bootrom may need time to enable DAP.
Please try again.


Troubleshooting hints:
1. Check whether board is connected to system properly.
2. In case of zynq board, check whether Digilent/Xilinx cable switch settings are correct.
3. If you are using Xilinx Platform Cable USB, ensure that status LED is green.
06:06:34 INFO  : Connected to target on host '127.0.0.1' and port '3121'.
06:06:44 INFO  : ----------------XSDB Script----------------
connect -url tcp:127.0.0.1:3121
----------------End of Script----------------

06:06:44 ERROR : Could not find ARM device on the board for connection 'Local'.
Check if the target is in:
1. Split JTAG - No operations are possible with ARM DAP.
2. Non JTAG bootmode - Bootrom may need time to enable DAP.
Please try again.


Troubleshooting hints:
1. Check whether board is connected to system properly.
2. In case of zynq board, check whether Digilent/Xilinx cable switch settings are correct.
3. If you are using Xilinx Platform Cable USB, ensure that status LED is green.
06:06:55 INFO  : Connected to target on host '127.0.0.1' and port '3121'.
06:07:04 INFO  : ----------------XSDB Script----------------
connect -url tcp:127.0.0.1:3121
----------------End of Script----------------

06:07:04 ERROR : Could not find ARM device on the board for connection 'Local'.
Check if the target is in:
1. Split JTAG - No operations are possible with ARM DAP.
2. Non JTAG bootmode - Bootrom may need time to enable DAP.
Please try again.


Troubleshooting hints:
1. Check whether board is connected to system properly.
2. In case of zynq board, check whether Digilent/Xilinx cable switch settings are correct.
3. If you are using Xilinx Platform Cable USB, ensure that status LED is green.
06:07:30 INFO  : Connected to target on host '127.0.0.1' and port '3121'.
06:07:48 INFO  : ----------------XSDB Script----------------
connect -url tcp:127.0.0.1:3121
----------------End of Script----------------

06:07:48 ERROR : Could not find ARM device on the board for connection 'Local'.
Check if the target is in:
1. Split JTAG - No operations are possible with ARM DAP.
2. Non JTAG bootmode - Bootrom may need time to enable DAP.
Please try again.


Troubleshooting hints:
1. Check whether board is connected to system properly.
2. In case of zynq board, check whether Digilent/Xilinx cable switch settings are correct.
3. If you are using Xilinx Platform Cable USB, ensure that status LED is green.
06:08:09 INFO  : Connected to target on host '127.0.0.1' and port '3121'.
06:08:27 INFO  : ----------------XSDB Script----------------
connect -url tcp:127.0.0.1:3121
----------------End of Script----------------

06:08:27 ERROR : Could not find ARM device on the board for connection 'Local'.
Check if the target is in:
1. Split JTAG - No operations are possible with ARM DAP.
2. Non JTAG bootmode - Bootrom may need time to enable DAP.
Please try again.


Troubleshooting hints:
1. Check whether board is connected to system properly.
2. In case of zynq board, check whether Digilent/Xilinx cable switch settings are correct.
3. If you are using Xilinx Platform Cable USB, ensure that status LED is green.
06:08:59 INFO  : Launching XSCT server: xsct.bat -n  -interactive C:\Users\ZhouLin\Desktop\Sound_source_localization\ov5640_single\ov5640_single.vitis\temp_xsdb_launch_script.tcl
06:09:02 INFO  : XSCT server has started successfully.
06:09:02 INFO  : Successfully done setting XSCT server connection channel  
06:09:02 INFO  : plnx-install-location is set to ''
06:09:02 INFO  : Successfully done setting workspace for the tool. 
06:09:03 INFO  : Registering command handlers for Vitis TCF services
06:09:03 INFO  : Successfully done query RDI_DATADIR 
06:09:14 INFO  : Connected to target on host '127.0.0.1' and port '3121'.
06:09:23 INFO  : ----------------XSDB Script----------------
connect -url tcp:127.0.0.1:3121
----------------End of Script----------------

06:09:23 ERROR : Could not find ARM device on the board for connection 'Local'.
Check if the target is in:
1. Split JTAG - No operations are possible with ARM DAP.
2. Non JTAG bootmode - Bootrom may need time to enable DAP.
Please try again.


Troubleshooting hints:
1. Check whether board is connected to system properly.
2. In case of zynq board, check whether Digilent/Xilinx cable switch settings are correct.
3. If you are using Xilinx Platform Cable USB, ensure that status LED is green.
06:09:28 INFO  : Connected to target on host '127.0.0.1' and port '3121'.
06:09:37 INFO  : ----------------XSDB Script----------------
connect -url tcp:127.0.0.1:3121
----------------End of Script----------------

06:09:37 ERROR : Could not find ARM device on the board for connection 'Local'.
Check if the target is in:
1. Split JTAG - No operations are possible with ARM DAP.
2. Non JTAG bootmode - Bootrom may need time to enable DAP.
Please try again.


Troubleshooting hints:
1. Check whether board is connected to system properly.
2. In case of zynq board, check whether Digilent/Xilinx cable switch settings are correct.
3. If you are using Xilinx Platform Cable USB, ensure that status LED is green.
06:09:49 INFO  : Connected to target on host '127.0.0.1' and port '3121'.
06:09:58 INFO  : ----------------XSDB Script----------------
connect -url tcp:127.0.0.1:3121
----------------End of Script----------------

06:09:58 ERROR : Could not find ARM device on the board for connection 'Local'.
Check if the target is in:
1. Split JTAG - No operations are possible with ARM DAP.
2. Non JTAG bootmode - Bootrom may need time to enable DAP.
Please try again.


Troubleshooting hints:
1. Check whether board is connected to system properly.
2. In case of zynq board, check whether Digilent/Xilinx cable switch settings are correct.
3. If you are using Xilinx Platform Cable USB, ensure that status LED is green.
06:10:06 INFO  : Connected to target on host '127.0.0.1' and port '3121'.
06:10:15 INFO  : ----------------XSDB Script----------------
connect -url tcp:127.0.0.1:3121
----------------End of Script----------------

06:10:15 ERROR : Could not find ARM device on the board for connection 'Local'.
Check if the target is in:
1. Split JTAG - No operations are possible with ARM DAP.
2. Non JTAG bootmode - Bootrom may need time to enable DAP.
Please try again.


Troubleshooting hints:
1. Check whether board is connected to system properly.
2. In case of zynq board, check whether Digilent/Xilinx cable switch settings are correct.
3. If you are using Xilinx Platform Cable USB, ensure that status LED is green.
06:10:27 INFO  : Connected to target on host '127.0.0.1' and port '3121'.
06:10:36 INFO  : ----------------XSDB Script----------------
connect -url tcp:127.0.0.1:3121
----------------End of Script----------------

06:10:36 ERROR : Could not find ARM device on the board for connection 'Local'.
Check if the target is in:
1. Split JTAG - No operations are possible with ARM DAP.
2. Non JTAG bootmode - Bootrom may need time to enable DAP.
Please try again.


Troubleshooting hints:
1. Check whether board is connected to system properly.
2. In case of zynq board, check whether Digilent/Xilinx cable switch settings are correct.
3. If you are using Xilinx Platform Cable USB, ensure that status LED is green.
06:10:45 INFO  : Connected to target on host '127.0.0.1' and port '3121'.
06:10:54 INFO  : ----------------XSDB Script----------------
connect -url tcp:127.0.0.1:3121
----------------End of Script----------------

06:10:54 ERROR : Could not find ARM device on the board for connection 'Local'.
Check if the target is in:
1. Split JTAG - No operations are possible with ARM DAP.
2. Non JTAG bootmode - Bootrom may need time to enable DAP.
Please try again.


Troubleshooting hints:
1. Check whether board is connected to system properly.
2. In case of zynq board, check whether Digilent/Xilinx cable switch settings are correct.
3. If you are using Xilinx Platform Cable USB, ensure that status LED is green.
06:11:17 INFO  : Connected to target on host '127.0.0.1' and port '3121'.
06:11:26 INFO  : ----------------XSDB Script----------------
connect -url tcp:127.0.0.1:3121
----------------End of Script----------------

06:11:26 ERROR : Could not find ARM device on the board for connection 'Local'.
Check if the target is in:
1. Split JTAG - No operations are possible with ARM DAP.
2. Non JTAG bootmode - Bootrom may need time to enable DAP.
Please try again.


Troubleshooting hints:
1. Check whether board is connected to system properly.
2. In case of zynq board, check whether Digilent/Xilinx cable switch settings are correct.
3. If you are using Xilinx Platform Cable USB, ensure that status LED is green.
06:11:52 INFO  : Connected to target on host '127.0.0.1' and port '3121'.
06:11:52 INFO  : Jtag cable 'Platform Cable USB 00000000000000' is selected.
06:11:52 INFO  : 'jtag frequency' command is executed.
06:11:52 INFO  : Context for 'APU' is selected.
06:11:52 INFO  : System reset is completed.
06:11:55 INFO  : 'after 3000' command is executed.
06:11:55 INFO  : 'targets -set -filter {jtag_cable_name =~ "Platform Cable USB 00000000000000" && level==0} -index 1' command is executed.
06:11:57 INFO  : FPGA configured successfully with bitstream "C:/Users/ZhouLin/Desktop/Sound_source_localization/ov5640_single/ov5640_single.vitis/zynq/_ide/bitstream/system_wrapper.bit"
06:11:57 INFO  : Context for 'APU' is selected.
06:11:58 INFO  : Hardware design information is loaded from 'C:/Users/ZhouLin/Desktop/Sound_source_localization/ov5640_single/ov5640_single.vitis/system_wrapper/export/system_wrapper/hw/system_wrapper.xsa'.
06:11:58 INFO  : 'configparams force-mem-access 1' command is executed.
06:11:58 INFO  : Context for 'APU' is selected.
06:11:58 INFO  : Sourcing of 'C:/Users/ZhouLin/Desktop/Sound_source_localization/ov5640_single/ov5640_single.vitis/zynq/_ide/psinit/ps7_init.tcl' is done.
06:11:58 INFO  : 'ps7_init' command is executed.
06:11:58 INFO  : 'ps7_post_config' command is executed.
06:11:58 INFO  : Context for processor 'ps7_cortexa9_0' is selected.
06:12:00 INFO  : The application 'C:/Users/ZhouLin/Desktop/Sound_source_localization/ov5640_single/ov5640_single.vitis/zynq/Debug/zynq.elf' is downloaded to processor 'ps7_cortexa9_0'.
06:12:00 INFO  : 'configparams force-mem-access 0' command is executed.
06:12:00 INFO  : ----------------XSDB Script----------------
connect -url tcp:127.0.0.1:3121
targets -set -nocase -filter {name =~"APU*"}
rst -system
after 3000
targets -set -filter {jtag_cable_name =~ "Platform Cable USB 00000000000000" && level==0} -index 1
fpga -file C:/Users/ZhouLin/Desktop/Sound_source_localization/ov5640_single/ov5640_single.vitis/zynq/_ide/bitstream/system_wrapper.bit
targets -set -nocase -filter {name =~"APU*"}
loadhw -hw C:/Users/ZhouLin/Desktop/Sound_source_localization/ov5640_single/ov5640_single.vitis/system_wrapper/export/system_wrapper/hw/system_wrapper.xsa -mem-ranges [list {0x40000000 0xbfffffff}]
configparams force-mem-access 1
targets -set -nocase -filter {name =~"APU*"}
source C:/Users/ZhouLin/Desktop/Sound_source_localization/ov5640_single/ov5640_single.vitis/zynq/_ide/psinit/ps7_init.tcl
ps7_init
ps7_post_config
targets -set -nocase -filter {name =~ "*A9*#0"}
dow C:/Users/ZhouLin/Desktop/Sound_source_localization/ov5640_single/ov5640_single.vitis/zynq/Debug/zynq.elf
configparams force-mem-access 0
----------------End of Script----------------

06:12:00 INFO  : Memory regions updated for context APU
06:12:00 INFO  : Context for processor 'ps7_cortexa9_0' is selected.
06:12:00 INFO  : 'con' command is executed.
06:12:00 INFO  : ----------------XSDB Script (After Launch)----------------
targets -set -nocase -filter {name =~ "*A9*#0"}
con
----------------End of Script----------------

06:12:00 INFO  : Launch script is exported to file 'C:\Users\ZhouLin\Desktop\Sound_source_localization\ov5640_single\ov5640_single.vitis\.sdk\launch_scripts\single_application_debug\systemdebugger_zynq_system_standalone.tcl'
06:15:10 INFO  : Checking for BSP changes to sync application flags for project 'zynq'...
06:15:19 INFO  : Disconnected from the channel tcfchan#1.
06:15:19 INFO  : Connected to target on host '127.0.0.1' and port '3121'.
06:15:19 INFO  : Jtag cable 'Platform Cable USB 00000000000000' is selected.
06:15:19 INFO  : 'jtag frequency' command is executed.
06:15:19 INFO  : Context for 'APU' is selected.
06:15:19 INFO  : System reset is completed.
06:15:22 INFO  : 'after 3000' command is executed.
06:15:22 INFO  : 'targets -set -filter {jtag_cable_name =~ "Platform Cable USB 00000000000000" && level==0} -index 1' command is executed.
06:15:24 INFO  : FPGA configured successfully with bitstream "C:/Users/ZhouLin/Desktop/Sound_source_localization/ov5640_single/ov5640_single.vitis/zynq/_ide/bitstream/system_wrapper.bit"
06:15:24 INFO  : Context for 'APU' is selected.
06:15:26 INFO  : Hardware design information is loaded from 'C:/Users/ZhouLin/Desktop/Sound_source_localization/ov5640_single/ov5640_single.vitis/system_wrapper/export/system_wrapper/hw/system_wrapper.xsa'.
06:15:26 INFO  : 'configparams force-mem-access 1' command is executed.
06:15:26 INFO  : Context for 'APU' is selected.
06:15:26 INFO  : Sourcing of 'C:/Users/ZhouLin/Desktop/Sound_source_localization/ov5640_single/ov5640_single.vitis/zynq/_ide/psinit/ps7_init.tcl' is done.
06:15:27 INFO  : 'ps7_init' command is executed.
06:15:27 INFO  : 'ps7_post_config' command is executed.
06:15:27 INFO  : Context for processor 'ps7_cortexa9_0' is selected.
06:15:28 INFO  : The application 'C:/Users/ZhouLin/Desktop/Sound_source_localization/ov5640_single/ov5640_single.vitis/zynq/Debug/zynq.elf' is downloaded to processor 'ps7_cortexa9_0'.
06:15:28 INFO  : 'configparams force-mem-access 0' command is executed.
06:15:28 INFO  : ----------------XSDB Script----------------
connect -url tcp:127.0.0.1:3121
targets -set -nocase -filter {name =~"APU*"}
rst -system
after 3000
targets -set -filter {jtag_cable_name =~ "Platform Cable USB 00000000000000" && level==0} -index 1
fpga -file C:/Users/ZhouLin/Desktop/Sound_source_localization/ov5640_single/ov5640_single.vitis/zynq/_ide/bitstream/system_wrapper.bit
targets -set -nocase -filter {name =~"APU*"}
loadhw -hw C:/Users/ZhouLin/Desktop/Sound_source_localization/ov5640_single/ov5640_single.vitis/system_wrapper/export/system_wrapper/hw/system_wrapper.xsa -mem-ranges [list {0x40000000 0xbfffffff}]
configparams force-mem-access 1
targets -set -nocase -filter {name =~"APU*"}
source C:/Users/ZhouLin/Desktop/Sound_source_localization/ov5640_single/ov5640_single.vitis/zynq/_ide/psinit/ps7_init.tcl
ps7_init
ps7_post_config
targets -set -nocase -filter {name =~ "*A9*#0"}
dow C:/Users/ZhouLin/Desktop/Sound_source_localization/ov5640_single/ov5640_single.vitis/zynq/Debug/zynq.elf
configparams force-mem-access 0
----------------End of Script----------------

06:15:28 INFO  : Memory regions updated for context APU
06:15:28 INFO  : Context for processor 'ps7_cortexa9_0' is selected.
06:15:28 INFO  : 'con' command is executed.
06:15:28 INFO  : ----------------XSDB Script (After Launch)----------------
targets -set -nocase -filter {name =~ "*A9*#0"}
con
----------------End of Script----------------

06:15:28 INFO  : Launch script is exported to file 'C:\Users\ZhouLin\Desktop\Sound_source_localization\ov5640_single\ov5640_single.vitis\.sdk\launch_scripts\single_application_debug\systemdebugger_zynq_system_standalone.tcl'
06:30:36 INFO  : Disconnected from the channel tcfchan#2.
06:30:36 INFO  : Connected to target on host '127.0.0.1' and port '3121'.
06:30:36 INFO  : Jtag cable 'Platform Cable USB 00000000000000' is selected.
06:30:36 INFO  : 'jtag frequency' command is executed.
06:30:36 INFO  : Context for 'APU' is selected.
06:30:36 INFO  : System reset is completed.
06:30:39 INFO  : 'after 3000' command is executed.
06:30:39 INFO  : 'targets -set -filter {jtag_cable_name =~ "Platform Cable USB 00000000000000" && level==0} -index 1' command is executed.
06:30:41 INFO  : FPGA configured successfully with bitstream "C:/Users/ZhouLin/Desktop/Sound_source_localization/ov5640_single/ov5640_single.vitis/zynq/_ide/bitstream/system_wrapper.bit"
06:30:41 INFO  : Context for 'APU' is selected.
06:30:43 INFO  : Hardware design information is loaded from 'C:/Users/ZhouLin/Desktop/Sound_source_localization/ov5640_single/ov5640_single.vitis/system_wrapper/export/system_wrapper/hw/system_wrapper.xsa'.
06:30:43 INFO  : 'configparams force-mem-access 1' command is executed.
06:30:43 INFO  : Context for 'APU' is selected.
06:30:43 INFO  : Sourcing of 'C:/Users/ZhouLin/Desktop/Sound_source_localization/ov5640_single/ov5640_single.vitis/zynq/_ide/psinit/ps7_init.tcl' is done.
06:30:44 INFO  : 'ps7_init' command is executed.
06:30:44 INFO  : 'ps7_post_config' command is executed.
06:30:44 INFO  : Context for processor 'ps7_cortexa9_0' is selected.
06:30:45 INFO  : The application 'C:/Users/ZhouLin/Desktop/Sound_source_localization/ov5640_single/ov5640_single.vitis/zynq/Debug/zynq.elf' is downloaded to processor 'ps7_cortexa9_0'.
06:30:45 INFO  : 'configparams force-mem-access 0' command is executed.
06:30:45 INFO  : ----------------XSDB Script----------------
connect -url tcp:127.0.0.1:3121
targets -set -nocase -filter {name =~"APU*"}
rst -system
after 3000
targets -set -filter {jtag_cable_name =~ "Platform Cable USB 00000000000000" && level==0} -index 1
fpga -file C:/Users/ZhouLin/Desktop/Sound_source_localization/ov5640_single/ov5640_single.vitis/zynq/_ide/bitstream/system_wrapper.bit
targets -set -nocase -filter {name =~"APU*"}
loadhw -hw C:/Users/ZhouLin/Desktop/Sound_source_localization/ov5640_single/ov5640_single.vitis/system_wrapper/export/system_wrapper/hw/system_wrapper.xsa -mem-ranges [list {0x40000000 0xbfffffff}]
configparams force-mem-access 1
targets -set -nocase -filter {name =~"APU*"}
source C:/Users/ZhouLin/Desktop/Sound_source_localization/ov5640_single/ov5640_single.vitis/zynq/_ide/psinit/ps7_init.tcl
ps7_init
ps7_post_config
targets -set -nocase -filter {name =~ "*A9*#0"}
dow C:/Users/ZhouLin/Desktop/Sound_source_localization/ov5640_single/ov5640_single.vitis/zynq/Debug/zynq.elf
configparams force-mem-access 0
----------------End of Script----------------

06:30:45 INFO  : Memory regions updated for context APU
06:30:45 INFO  : Context for processor 'ps7_cortexa9_0' is selected.
06:30:45 INFO  : 'con' command is executed.
06:30:45 INFO  : ----------------XSDB Script (After Launch)----------------
targets -set -nocase -filter {name =~ "*A9*#0"}
con
----------------End of Script----------------

06:30:45 INFO  : Launch script is exported to file 'C:\Users\ZhouLin\Desktop\Sound_source_localization\ov5640_single\ov5640_single.vitis\.sdk\launch_scripts\single_application_debug\systemdebugger_zynq_system_standalone.tcl'
06:35:06 INFO  : Disconnected from the channel tcfchan#3.
06:35:06 INFO  : Connected to target on host '127.0.0.1' and port '3121'.
06:35:06 INFO  : Jtag cable 'Platform Cable USB 00000000000000' is selected.
06:35:06 INFO  : 'jtag frequency' command is executed.
06:35:06 INFO  : Context for 'APU' is selected.
06:35:06 INFO  : System reset is completed.
06:35:09 INFO  : 'after 3000' command is executed.
06:35:09 INFO  : 'targets -set -filter {jtag_cable_name =~ "Platform Cable USB 00000000000000" && level==0} -index 1' command is executed.
06:35:11 INFO  : FPGA configured successfully with bitstream "C:/Users/ZhouLin/Desktop/Sound_source_localization/ov5640_single/ov5640_single.vitis/zynq/_ide/bitstream/system_wrapper.bit"
06:35:11 INFO  : Context for 'APU' is selected.
06:35:13 INFO  : Hardware design information is loaded from 'C:/Users/ZhouLin/Desktop/Sound_source_localization/ov5640_single/ov5640_single.vitis/system_wrapper/export/system_wrapper/hw/system_wrapper.xsa'.
06:35:13 INFO  : 'configparams force-mem-access 1' command is executed.
06:35:13 INFO  : Context for 'APU' is selected.
06:35:13 INFO  : Sourcing of 'C:/Users/ZhouLin/Desktop/Sound_source_localization/ov5640_single/ov5640_single.vitis/zynq/_ide/psinit/ps7_init.tcl' is done.
06:35:14 INFO  : 'ps7_init' command is executed.
06:35:14 INFO  : 'ps7_post_config' command is executed.
06:35:14 INFO  : Context for processor 'ps7_cortexa9_0' is selected.
06:35:15 INFO  : The application 'C:/Users/ZhouLin/Desktop/Sound_source_localization/ov5640_single/ov5640_single.vitis/zynq/Debug/zynq.elf' is downloaded to processor 'ps7_cortexa9_0'.
06:35:15 INFO  : 'configparams force-mem-access 0' command is executed.
06:35:15 INFO  : ----------------XSDB Script----------------
connect -url tcp:127.0.0.1:3121
targets -set -nocase -filter {name =~"APU*"}
rst -system
after 3000
targets -set -filter {jtag_cable_name =~ "Platform Cable USB 00000000000000" && level==0} -index 1
fpga -file C:/Users/ZhouLin/Desktop/Sound_source_localization/ov5640_single/ov5640_single.vitis/zynq/_ide/bitstream/system_wrapper.bit
targets -set -nocase -filter {name =~"APU*"}
loadhw -hw C:/Users/ZhouLin/Desktop/Sound_source_localization/ov5640_single/ov5640_single.vitis/system_wrapper/export/system_wrapper/hw/system_wrapper.xsa -mem-ranges [list {0x40000000 0xbfffffff}]
configparams force-mem-access 1
targets -set -nocase -filter {name =~"APU*"}
source C:/Users/ZhouLin/Desktop/Sound_source_localization/ov5640_single/ov5640_single.vitis/zynq/_ide/psinit/ps7_init.tcl
ps7_init
ps7_post_config
targets -set -nocase -filter {name =~ "*A9*#0"}
dow C:/Users/ZhouLin/Desktop/Sound_source_localization/ov5640_single/ov5640_single.vitis/zynq/Debug/zynq.elf
configparams force-mem-access 0
----------------End of Script----------------

06:35:15 INFO  : Memory regions updated for context APU
06:35:15 INFO  : Context for processor 'ps7_cortexa9_0' is selected.
06:35:15 INFO  : 'con' command is executed.
06:35:15 INFO  : ----------------XSDB Script (After Launch)----------------
targets -set -nocase -filter {name =~ "*A9*#0"}
con
----------------End of Script----------------

06:35:15 INFO  : Launch script is exported to file 'C:\Users\ZhouLin\Desktop\Sound_source_localization\ov5640_single\ov5640_single.vitis\.sdk\launch_scripts\single_application_debug\systemdebugger_zynq_system_standalone.tcl'
06:38:49 INFO  : Disconnected from the channel tcfchan#4.
06:38:49 INFO  : Connected to target on host '127.0.0.1' and port '3121'.
06:38:49 INFO  : Jtag cable 'Platform Cable USB 00000000000000' is selected.
06:38:49 INFO  : 'jtag frequency' command is executed.
06:38:49 INFO  : Context for 'APU' is selected.
06:38:49 INFO  : System reset is completed.
06:38:52 INFO  : 'after 3000' command is executed.
06:38:52 INFO  : 'targets -set -filter {jtag_cable_name =~ "Platform Cable USB 00000000000000" && level==0} -index 1' command is executed.
06:38:55 INFO  : FPGA configured successfully with bitstream "C:/Users/ZhouLin/Desktop/Sound_source_localization/ov5640_single/ov5640_single.vitis/zynq/_ide/bitstream/system_wrapper.bit"
06:38:55 INFO  : Context for 'APU' is selected.
06:38:57 INFO  : Hardware design information is loaded from 'C:/Users/ZhouLin/Desktop/Sound_source_localization/ov5640_single/ov5640_single.vitis/system_wrapper/export/system_wrapper/hw/system_wrapper.xsa'.
06:38:57 INFO  : 'configparams force-mem-access 1' command is executed.
06:38:57 INFO  : Context for 'APU' is selected.
06:38:57 INFO  : Sourcing of 'C:/Users/ZhouLin/Desktop/Sound_source_localization/ov5640_single/ov5640_single.vitis/zynq/_ide/psinit/ps7_init.tcl' is done.
06:38:57 INFO  : 'ps7_init' command is executed.
06:38:57 INFO  : 'ps7_post_config' command is executed.
06:38:57 INFO  : Context for processor 'ps7_cortexa9_0' is selected.
06:38:59 INFO  : The application 'C:/Users/ZhouLin/Desktop/Sound_source_localization/ov5640_single/ov5640_single.vitis/zynq/Debug/zynq.elf' is downloaded to processor 'ps7_cortexa9_0'.
06:38:59 INFO  : 'configparams force-mem-access 0' command is executed.
06:38:59 INFO  : ----------------XSDB Script----------------
connect -url tcp:127.0.0.1:3121
targets -set -nocase -filter {name =~"APU*"}
rst -system
after 3000
targets -set -filter {jtag_cable_name =~ "Platform Cable USB 00000000000000" && level==0} -index 1
fpga -file C:/Users/ZhouLin/Desktop/Sound_source_localization/ov5640_single/ov5640_single.vitis/zynq/_ide/bitstream/system_wrapper.bit
targets -set -nocase -filter {name =~"APU*"}
loadhw -hw C:/Users/ZhouLin/Desktop/Sound_source_localization/ov5640_single/ov5640_single.vitis/system_wrapper/export/system_wrapper/hw/system_wrapper.xsa -mem-ranges [list {0x40000000 0xbfffffff}]
configparams force-mem-access 1
targets -set -nocase -filter {name =~"APU*"}
source C:/Users/ZhouLin/Desktop/Sound_source_localization/ov5640_single/ov5640_single.vitis/zynq/_ide/psinit/ps7_init.tcl
ps7_init
ps7_post_config
targets -set -nocase -filter {name =~ "*A9*#0"}
dow C:/Users/ZhouLin/Desktop/Sound_source_localization/ov5640_single/ov5640_single.vitis/zynq/Debug/zynq.elf
configparams force-mem-access 0
----------------End of Script----------------

06:38:59 INFO  : Memory regions updated for context APU
06:38:59 INFO  : Context for processor 'ps7_cortexa9_0' is selected.
06:38:59 INFO  : 'con' command is executed.
06:38:59 INFO  : ----------------XSDB Script (After Launch)----------------
targets -set -nocase -filter {name =~ "*A9*#0"}
con
----------------End of Script----------------

06:38:59 INFO  : Launch script is exported to file 'C:\Users\ZhouLin\Desktop\Sound_source_localization\ov5640_single\ov5640_single.vitis\.sdk\launch_scripts\single_application_debug\systemdebugger_zynq_system_standalone.tcl'
06:45:01 INFO  : Disconnected from the channel tcfchan#5.
06:45:02 INFO  : Connected to target on host '127.0.0.1' and port '3121'.
06:45:02 INFO  : Jtag cable 'Platform Cable USB 00000000000000' is selected.
06:45:02 INFO  : 'jtag frequency' command is executed.
06:45:02 INFO  : Context for 'APU' is selected.
06:45:02 INFO  : System reset is completed.
06:45:05 INFO  : 'after 3000' command is executed.
06:45:05 INFO  : 'targets -set -filter {jtag_cable_name =~ "Platform Cable USB 00000000000000" && level==0} -index 1' command is executed.
06:45:07 INFO  : FPGA configured successfully with bitstream "C:/Users/ZhouLin/Desktop/Sound_source_localization/ov5640_single/ov5640_single.vitis/zynq/_ide/bitstream/system_wrapper.bit"
06:45:07 INFO  : Context for 'APU' is selected.
06:45:09 INFO  : Hardware design information is loaded from 'C:/Users/ZhouLin/Desktop/Sound_source_localization/ov5640_single/ov5640_single.vitis/system_wrapper/export/system_wrapper/hw/system_wrapper.xsa'.
06:45:09 INFO  : 'configparams force-mem-access 1' command is executed.
06:45:09 INFO  : Context for 'APU' is selected.
06:45:09 INFO  : Sourcing of 'C:/Users/ZhouLin/Desktop/Sound_source_localization/ov5640_single/ov5640_single.vitis/zynq/_ide/psinit/ps7_init.tcl' is done.
06:45:09 INFO  : 'ps7_init' command is executed.
06:45:09 INFO  : 'ps7_post_config' command is executed.
06:45:09 INFO  : Context for processor 'ps7_cortexa9_0' is selected.
06:45:11 INFO  : The application 'C:/Users/ZhouLin/Desktop/Sound_source_localization/ov5640_single/ov5640_single.vitis/zynq/Debug/zynq.elf' is downloaded to processor 'ps7_cortexa9_0'.
06:45:11 INFO  : 'configparams force-mem-access 0' command is executed.
06:45:11 INFO  : ----------------XSDB Script----------------
connect -url tcp:127.0.0.1:3121
targets -set -nocase -filter {name =~"APU*"}
rst -system
after 3000
targets -set -filter {jtag_cable_name =~ "Platform Cable USB 00000000000000" && level==0} -index 1
fpga -file C:/Users/ZhouLin/Desktop/Sound_source_localization/ov5640_single/ov5640_single.vitis/zynq/_ide/bitstream/system_wrapper.bit
targets -set -nocase -filter {name =~"APU*"}
loadhw -hw C:/Users/ZhouLin/Desktop/Sound_source_localization/ov5640_single/ov5640_single.vitis/system_wrapper/export/system_wrapper/hw/system_wrapper.xsa -mem-ranges [list {0x40000000 0xbfffffff}]
configparams force-mem-access 1
targets -set -nocase -filter {name =~"APU*"}
source C:/Users/ZhouLin/Desktop/Sound_source_localization/ov5640_single/ov5640_single.vitis/zynq/_ide/psinit/ps7_init.tcl
ps7_init
ps7_post_config
targets -set -nocase -filter {name =~ "*A9*#0"}
dow C:/Users/ZhouLin/Desktop/Sound_source_localization/ov5640_single/ov5640_single.vitis/zynq/Debug/zynq.elf
configparams force-mem-access 0
----------------End of Script----------------

06:45:11 INFO  : Memory regions updated for context APU
06:45:11 INFO  : Context for processor 'ps7_cortexa9_0' is selected.
06:45:11 INFO  : 'con' command is executed.
06:45:11 INFO  : ----------------XSDB Script (After Launch)----------------
targets -set -nocase -filter {name =~ "*A9*#0"}
con
----------------End of Script----------------

06:45:11 INFO  : Launch script is exported to file 'C:\Users\ZhouLin\Desktop\Sound_source_localization\ov5640_single\ov5640_single.vitis\.sdk\launch_scripts\single_application_debug\systemdebugger_zynq_system_standalone.tcl'
06:54:40 INFO  : Disconnected from the channel tcfchan#6.
06:54:40 INFO  : Connected to target on host '127.0.0.1' and port '3121'.
06:54:41 INFO  : Jtag cable 'Platform Cable USB 00000000000000' is selected.
06:54:41 INFO  : 'jtag frequency' command is executed.
06:54:41 INFO  : Context for 'APU' is selected.
06:54:41 INFO  : System reset is completed.
06:54:44 INFO  : 'after 3000' command is executed.
06:54:44 INFO  : 'targets -set -filter {jtag_cable_name =~ "Platform Cable USB 00000000000000" && level==0} -index 1' command is executed.
06:54:46 INFO  : FPGA configured successfully with bitstream "C:/Users/ZhouLin/Desktop/Sound_source_localization/ov5640_single/ov5640_single.vitis/zynq/_ide/bitstream/system_wrapper.bit"
06:54:46 INFO  : Context for 'APU' is selected.
06:54:48 INFO  : Hardware design information is loaded from 'C:/Users/ZhouLin/Desktop/Sound_source_localization/ov5640_single/ov5640_single.vitis/system_wrapper/export/system_wrapper/hw/system_wrapper.xsa'.
06:54:48 INFO  : 'configparams force-mem-access 1' command is executed.
06:54:48 INFO  : Context for 'APU' is selected.
06:54:48 INFO  : Sourcing of 'C:/Users/ZhouLin/Desktop/Sound_source_localization/ov5640_single/ov5640_single.vitis/zynq/_ide/psinit/ps7_init.tcl' is done.
06:54:48 INFO  : 'ps7_init' command is executed.
06:54:48 INFO  : 'ps7_post_config' command is executed.
06:54:48 INFO  : Context for processor 'ps7_cortexa9_0' is selected.
06:54:50 INFO  : The application 'C:/Users/ZhouLin/Desktop/Sound_source_localization/ov5640_single/ov5640_single.vitis/zynq/Debug/zynq.elf' is downloaded to processor 'ps7_cortexa9_0'.
06:54:50 INFO  : 'configparams force-mem-access 0' command is executed.
06:54:50 INFO  : ----------------XSDB Script----------------
connect -url tcp:127.0.0.1:3121
targets -set -nocase -filter {name =~"APU*"}
rst -system
after 3000
targets -set -filter {jtag_cable_name =~ "Platform Cable USB 00000000000000" && level==0} -index 1
fpga -file C:/Users/ZhouLin/Desktop/Sound_source_localization/ov5640_single/ov5640_single.vitis/zynq/_ide/bitstream/system_wrapper.bit
targets -set -nocase -filter {name =~"APU*"}
loadhw -hw C:/Users/ZhouLin/Desktop/Sound_source_localization/ov5640_single/ov5640_single.vitis/system_wrapper/export/system_wrapper/hw/system_wrapper.xsa -mem-ranges [list {0x40000000 0xbfffffff}]
configparams force-mem-access 1
targets -set -nocase -filter {name =~"APU*"}
source C:/Users/ZhouLin/Desktop/Sound_source_localization/ov5640_single/ov5640_single.vitis/zynq/_ide/psinit/ps7_init.tcl
ps7_init
ps7_post_config
targets -set -nocase -filter {name =~ "*A9*#0"}
dow C:/Users/ZhouLin/Desktop/Sound_source_localization/ov5640_single/ov5640_single.vitis/zynq/Debug/zynq.elf
configparams force-mem-access 0
----------------End of Script----------------

06:54:50 INFO  : Memory regions updated for context APU
06:54:50 INFO  : Context for processor 'ps7_cortexa9_0' is selected.
06:54:50 INFO  : 'con' command is executed.
06:54:50 INFO  : ----------------XSDB Script (After Launch)----------------
targets -set -nocase -filter {name =~ "*A9*#0"}
con
----------------End of Script----------------

06:54:50 INFO  : Launch script is exported to file 'C:\Users\ZhouLin\Desktop\Sound_source_localization\ov5640_single\ov5640_single.vitis\.sdk\launch_scripts\single_application_debug\systemdebugger_zynq_system_standalone.tcl'
07:01:37 INFO  : Disconnected from the channel tcfchan#7.
07:01:37 INFO  : Connected to target on host '127.0.0.1' and port '3121'.
07:01:37 INFO  : Jtag cable 'Platform Cable USB 00000000000000' is selected.
07:01:37 INFO  : 'jtag frequency' command is executed.
07:01:37 INFO  : Context for 'APU' is selected.
07:01:37 INFO  : System reset is completed.
07:01:40 INFO  : 'after 3000' command is executed.
07:01:40 INFO  : 'targets -set -filter {jtag_cable_name =~ "Platform Cable USB 00000000000000" && level==0} -index 1' command is executed.
07:01:43 INFO  : FPGA configured successfully with bitstream "C:/Users/ZhouLin/Desktop/Sound_source_localization/ov5640_single/ov5640_single.vitis/zynq/_ide/bitstream/system_wrapper.bit"
07:01:43 INFO  : Context for 'APU' is selected.
07:01:45 INFO  : Hardware design information is loaded from 'C:/Users/ZhouLin/Desktop/Sound_source_localization/ov5640_single/ov5640_single.vitis/system_wrapper/export/system_wrapper/hw/system_wrapper.xsa'.
07:01:45 INFO  : 'configparams force-mem-access 1' command is executed.
07:01:45 INFO  : Context for 'APU' is selected.
07:01:45 INFO  : Sourcing of 'C:/Users/ZhouLin/Desktop/Sound_source_localization/ov5640_single/ov5640_single.vitis/zynq/_ide/psinit/ps7_init.tcl' is done.
07:01:45 INFO  : 'ps7_init' command is executed.
07:01:45 INFO  : 'ps7_post_config' command is executed.
07:01:45 INFO  : Context for processor 'ps7_cortexa9_0' is selected.
07:01:47 INFO  : The application 'C:/Users/ZhouLin/Desktop/Sound_source_localization/ov5640_single/ov5640_single.vitis/zynq/Debug/zynq.elf' is downloaded to processor 'ps7_cortexa9_0'.
07:01:47 INFO  : 'configparams force-mem-access 0' command is executed.
07:01:47 INFO  : ----------------XSDB Script----------------
connect -url tcp:127.0.0.1:3121
targets -set -nocase -filter {name =~"APU*"}
rst -system
after 3000
targets -set -filter {jtag_cable_name =~ "Platform Cable USB 00000000000000" && level==0} -index 1
fpga -file C:/Users/ZhouLin/Desktop/Sound_source_localization/ov5640_single/ov5640_single.vitis/zynq/_ide/bitstream/system_wrapper.bit
targets -set -nocase -filter {name =~"APU*"}
loadhw -hw C:/Users/ZhouLin/Desktop/Sound_source_localization/ov5640_single/ov5640_single.vitis/system_wrapper/export/system_wrapper/hw/system_wrapper.xsa -mem-ranges [list {0x40000000 0xbfffffff}]
configparams force-mem-access 1
targets -set -nocase -filter {name =~"APU*"}
source C:/Users/ZhouLin/Desktop/Sound_source_localization/ov5640_single/ov5640_single.vitis/zynq/_ide/psinit/ps7_init.tcl
ps7_init
ps7_post_config
targets -set -nocase -filter {name =~ "*A9*#0"}
dow C:/Users/ZhouLin/Desktop/Sound_source_localization/ov5640_single/ov5640_single.vitis/zynq/Debug/zynq.elf
configparams force-mem-access 0
----------------End of Script----------------

07:01:47 INFO  : Memory regions updated for context APU
07:01:47 INFO  : Context for processor 'ps7_cortexa9_0' is selected.
07:01:47 INFO  : 'con' command is executed.
07:01:47 INFO  : ----------------XSDB Script (After Launch)----------------
targets -set -nocase -filter {name =~ "*A9*#0"}
con
----------------End of Script----------------

07:01:47 INFO  : Launch script is exported to file 'C:\Users\ZhouLin\Desktop\Sound_source_localization\ov5640_single\ov5640_single.vitis\.sdk\launch_scripts\single_application_debug\systemdebugger_zynq_system_standalone.tcl'
07:12:36 INFO  : Disconnected from the channel tcfchan#8.
21:19:37 INFO  : Launching XSCT server: xsct.bat -n  -interactive C:\Users\ZhouLin\Desktop\Sound_source_localization\ov5640_single\ov5640_single.vitis\temp_xsdb_launch_script.tcl
21:19:42 INFO  : Registering command handlers for Vitis TCF services
21:19:42 INFO  : XSCT server has started successfully.
21:19:45 INFO  : Successfully done setting XSCT server connection channel  
21:19:45 INFO  : plnx-install-location is set to ''
21:19:45 INFO  : Successfully done query RDI_DATADIR 
21:19:45 INFO  : Successfully done setting workspace for the tool. 
21:19:54 INFO  : Connected to target on host '127.0.0.1' and port '3121'.
21:20:03 INFO  : ----------------XSDB Script----------------
connect -url tcp:127.0.0.1:3121
----------------End of Script----------------

21:20:03 ERROR : Could not find ARM device on the board for connection 'Local'.
Check if the target is in:
1. Split JTAG - No operations are possible with ARM DAP.
2. Non JTAG bootmode - Bootrom may need time to enable DAP.
Please try again.


Troubleshooting hints:
1. Check whether board is connected to system properly.
2. In case of zynq board, check whether Digilent/Xilinx cable switch settings are correct.
3. If you are using Xilinx Platform Cable USB, ensure that status LED is green.
21:20:07 INFO  : Connected to target on host '127.0.0.1' and port '3121'.
21:20:16 INFO  : Jtag cable 'Platform Cable USB 00000000000000' is selected.
21:20:16 INFO  : 'jtag frequency' command is executed.
21:20:16 INFO  : Context for 'APU' is selected.
21:20:16 INFO  : System reset is completed.
21:20:19 INFO  : 'after 3000' command is executed.
21:20:20 INFO  : 'targets -set -filter {jtag_cable_name =~ "Platform Cable USB 00000000000000" && level==0} -index 1' command is executed.
21:20:22 INFO  : FPGA configured successfully with bitstream "C:/Users/ZhouLin/Desktop/Sound_source_localization/ov5640_single/ov5640_single.vitis/zynq/_ide/bitstream/system_wrapper.bit"
21:20:22 INFO  : Context for 'APU' is selected.
21:20:22 INFO  : Hardware design information is loaded from 'C:/Users/ZhouLin/Desktop/Sound_source_localization/ov5640_single/ov5640_single.vitis/system_wrapper/export/system_wrapper/hw/system_wrapper.xsa'.
21:20:22 INFO  : 'configparams force-mem-access 1' command is executed.
21:20:22 INFO  : Context for 'APU' is selected.
21:20:22 INFO  : Sourcing of 'C:/Users/ZhouLin/Desktop/Sound_source_localization/ov5640_single/ov5640_single.vitis/zynq/_ide/psinit/ps7_init.tcl' is done.
21:20:23 INFO  : 'ps7_init' command is executed.
21:20:23 INFO  : 'ps7_post_config' command is executed.
21:20:23 INFO  : Context for processor 'ps7_cortexa9_0' is selected.
21:20:24 INFO  : The application 'C:/Users/ZhouLin/Desktop/Sound_source_localization/ov5640_single/ov5640_single.vitis/zynq/Debug/zynq.elf' is downloaded to processor 'ps7_cortexa9_0'.
21:20:24 INFO  : 'configparams force-mem-access 0' command is executed.
21:20:24 INFO  : ----------------XSDB Script----------------
connect -url tcp:127.0.0.1:3121
targets -set -nocase -filter {name =~"APU*"}
rst -system
after 3000
targets -set -filter {jtag_cable_name =~ "Platform Cable USB 00000000000000" && level==0} -index 1
fpga -file C:/Users/ZhouLin/Desktop/Sound_source_localization/ov5640_single/ov5640_single.vitis/zynq/_ide/bitstream/system_wrapper.bit
targets -set -nocase -filter {name =~"APU*"}
loadhw -hw C:/Users/ZhouLin/Desktop/Sound_source_localization/ov5640_single/ov5640_single.vitis/system_wrapper/export/system_wrapper/hw/system_wrapper.xsa -mem-ranges [list {0x40000000 0xbfffffff}]
configparams force-mem-access 1
targets -set -nocase -filter {name =~"APU*"}
source C:/Users/ZhouLin/Desktop/Sound_source_localization/ov5640_single/ov5640_single.vitis/zynq/_ide/psinit/ps7_init.tcl
ps7_init
ps7_post_config
targets -set -nocase -filter {name =~ "*A9*#0"}
dow C:/Users/ZhouLin/Desktop/Sound_source_localization/ov5640_single/ov5640_single.vitis/zynq/Debug/zynq.elf
configparams force-mem-access 0
----------------End of Script----------------

21:20:25 INFO  : Memory regions updated for context APU
21:20:25 INFO  : Context for processor 'ps7_cortexa9_0' is selected.
21:20:25 INFO  : 'con' command is executed.
21:20:25 INFO  : ----------------XSDB Script (After Launch)----------------
targets -set -nocase -filter {name =~ "*A9*#0"}
con
----------------End of Script----------------

21:20:25 INFO  : Launch script is exported to file 'C:\Users\ZhouLin\Desktop\Sound_source_localization\ov5640_single\ov5640_single.vitis\.sdk\launch_scripts\single_application_debug\systemdebugger_zynq_system_standalone.tcl'
21:38:54 INFO  : Disconnected from the channel tcfchan#1.
