#-----------------------------------------------------------
# Vivado v2019.2 (64-bit)
# SW Build 2708876 on Wed Nov  6 21:40:23 MST 2019
# IP Build 2700528 on Thu Nov  7 00:09:20 MST 2019
# Start of session at: Fri Feb  3 21:17:35 2023
# Process ID: 13400
# Current directory: C:/Users/ZhouLin/Desktop/Sound_source_localization/ov5640_single
# Command line: vivado.exe -gui_launcher_event rodinguilauncherevent15804 C:\Users\ZhouLin\Desktop\Sound_source_localization\ov5640_single\ov5640_single.xpr
# Log file: C:/Users/ZhouLin/Desktop/Sound_source_localization/ov5640_single/vivado.log
# Journal file: C:/Users/ZhouLin/Desktop/Sound_source_localization/ov5640_single\vivado.jou
#-----------------------------------------------------------
start_gui
open_project C:/Users/ZhouLin/Desktop/Sound_source_localization/ov5640_single/ov5640_single.xpr
Scanning sources...
Finished scanning sources
INFO: [IP_Flow 19-234] Refreshing IP repositories
INFO: [IP_Flow 19-1700] Loaded user IP repository 'c:/Users/ZhouLin/Desktop/Sound_source_localization/ov5640_single/repo'.
INFO: [IP_Flow 19-2313] Loaded Vivado IP repository 'E:/Xilinx/Vivado/2019.2/data/ip'.
open_project: Time (s): cpu = 00:00:19 ; elapsed = 00:00:17 . Memory (MB): peak = 990.305 ; gain = 359.828
update_compile_order -fileset sources_1
INFO: [Vivado 12-8231] Launching Vitis
INFO: [Vivado 12-417] Running vitis
INFO: [Vivado 12-8232] Vitis launch initiated. Please check console for any further messages.
exit
INFO: [Common 17-206] Exiting Vivado at Fri Feb  3 21:39:00 2023...
