#-----------------------------------------------------------
# Vivado v2019.2 (64-bit)
# SW Build 2708876 on Wed Nov  6 21:40:23 MST 2019
# IP Build 2700528 on Thu Nov  7 00:09:20 MST 2019
# Start of session at: Sun Feb 26 16:57:02 2023
# Process ID: 15408
# Current directory: C:/Users/ZhouLin/Desktop/Sound_source_localization/ov5640_single
# Command line: vivado.exe -gui_launcher_event rodinguilauncherevent6644 C:\Users\ZhouLin\Desktop\Sound_source_localization\ov5640_single\ov5640_single.xpr
# Log file: C:/Users/ZhouLin/Desktop/Sound_source_localization/ov5640_single/vivado.log
# Journal file: C:/Users/ZhouLin/Desktop/Sound_source_localization/ov5640_single\vivado.jou
#-----------------------------------------------------------
start_gui
open_project C:/Users/ZhouLin/Desktop/Sound_source_localization/ov5640_single/ov5640_single.xpr
Scanning sources...
Finished scanning sources
INFO: [IP_Flow 19-234] Refreshing IP repositories
INFO: [IP_Flow 19-1700] Loaded user IP repository 'c:/Users/ZhouLin/Desktop/Sound_source_localization/ov5640_single/repo'.
INFO: [IP_Flow 19-2313] Loaded Vivado IP repository 'E:/Xilinx/Vivado/2019.2/data/ip'.
open_project: Time (s): cpu = 00:00:33 ; elapsed = 00:00:17 . Memory (MB): peak = 1013.484 ; gain = 341.586
update_compile_order -fileset sources_1
exit
INFO: [Common 17-206] Exiting Vivado at Sun Feb 26 17:09:11 2023...
