#-----------------------------------------------------------
# Vivado v2019.2 (64-bit)
# SW Build 2708876 on Wed Nov  6 21:40:23 MST 2019
# IP Build 2700528 on Thu Nov  7 00:09:20 MST 2019
# Start of session at: Sun Jan 29 05:08:47 2023
# Process ID: 24628
# Current directory: C:/Users/ZhouLin/Desktop/Sound_source_localization/ov5640_single
# Command line: vivado.exe -gui_launcher_event rodinguilauncherevent15016 C:\Users\ZhouLin\Desktop\Sound_source_localization\ov5640_single\ov5640_single.xpr
# Log file: C:/Users/ZhouLin/Desktop/Sound_source_localization/ov5640_single/vivado.log
# Journal file: C:/Users/ZhouLin/Desktop/Sound_source_localization/ov5640_single\vivado.jou
#-----------------------------------------------------------
start_gui
open_project C:/Users/ZhouLin/Desktop/Sound_source_localization/ov5640_single/ov5640_single.xpr
INFO: [Project 1-313] Project file moved from 'D:/ax7010/15_ov5640_single' since last save.
Scanning sources...
Finished scanning sources
INFO: [IP_Flow 19-234] Refreshing IP repositories
INFO: [IP_Flow 19-1700] Loaded user IP repository 'c:/Users/ZhouLin/Desktop/Sound_source_localization/ov5640_single/repo'.
INFO: [IP_Flow 19-2313] Loaded Vivado IP repository 'E:/Xilinx/Vivado/2019.2/data/ip'.
WARNING: [BD 41-1661] One or more IPs have been locked in the design 'system.bd'. Please run report_ip_status for more details and recommendations on how to fix this issue.
List of locked IPs:
system_alinx_ov5640_0_0
system_axi_mem_intercon_0
system_axi_vdma_0_0
system_v_tc_0_0
system_axi_vdma_1_0
system_auto_pc_0
system_processing_system7_0_axi_periph_0
system_v_axi4s_vid_out_0_0
system_rst_processing_system7_0_100M_0
system_rst_processing_system7_0_150M_0
system_xlconcat_0_0
system_xlconstant_1_0
system_axis_subset_converter_0_1
system_axi_gpio_0_0
system_xbar_1
system_xbar_0
system_auto_pc_1

INFO: [Project 1-230] Project 'ov5640_single.xpr' upgraded for this version of Vivado.
open_project: Time (s): cpu = 00:00:26 ; elapsed = 00:00:19 . Memory (MB): peak = 1018.637 ; gain = 346.984
report_ip_status -name ip_status 
update_compile_order -fileset sources_1
upgrade_ip [get_ips  {system_axi_vdma_1_0 system_v_tc_0_0 system_xlconcat_0_0 system_v_axi4s_vid_out_0_0 system_axi_mem_intercon_0 system_rst_processing_system7_0_100M_0 system_xlconstant_1_0 system_rst_processing_system7_0_150M_0 system_alinx_ov5640_0_0 system_axi_vdma_0_0 system_axis_subset_converter_0_1 system_axi_gpio_0_0 system_processing_system7_0_axi_periph_0}] -log ip_upgrade.log
Adding component instance block -- www.alinx.com.cn:user:alinx_ov5640:5.4 - alinx_ov5640_0
Adding component instance block -- digilentinc.com:ip:axi_dynclk:1.0 - axi_dynclk_0
Adding component instance block -- xilinx.com:ip:axi_gpio:2.0 - cmos_rst
Adding component instance block -- xilinx.com:ip:axi_vdma:6.3 - axi_vdma_0
Adding component instance block -- xilinx.com:ip:axi_vdma:6.3 - axi_vdma_1
Adding component instance block -- xilinx.com:ip:axis_subset_converter:1.1 - axis_subset_converter_0
Adding component instance block -- xilinx.com:ip:processing_system7:5.5 - processing_system7_0
Adding component instance block -- digilentinc.com:ip:rgb2dvi:1.3 - rgb2dvi_0
Adding component instance block -- xilinx.com:ip:proc_sys_reset:5.0 - rst_processing_system7_0_100M
Adding component instance block -- xilinx.com:ip:proc_sys_reset:5.0 - rst_processing_system7_0_150M
Adding component instance block -- xilinx.com:ip:v_axi4s_vid_out:4.0 - v_axi4s_vid_out_0
Adding component instance block -- xilinx.com:ip:v_tc:6.1 - v_tc_0
Adding component instance block -- xilinx.com:ip:xlconcat:2.1 - xlconcat_0
Adding component instance block -- xilinx.com:ip:xlconstant:1.1 - xlconstant_1
WARNING: [BD 41-1731] Type mismatch between connected pins: /axi_dynclk_0/LOCKED_O(undef) and /rgb2dvi_0/aRst_n(rst)
Adding component instance block -- xilinx.com:ip:axi_crossbar:2.1 - xbar
Adding component instance block -- xilinx.com:ip:axi_protocol_converter:2.1 - auto_pc
Adding component instance block -- xilinx.com:ip:axi_crossbar:2.1 - xbar
Adding component instance block -- xilinx.com:ip:axi_protocol_converter:2.1 - auto_pc
Successfully read diagram <system> from BD file <C:/Users/ZhouLin/Desktop/Sound_source_localization/ov5640_single/ov5640_single.srcs/sources_1/bd/system/system.bd>
Upgrading 'C:/Users/ZhouLin/Desktop/Sound_source_localization/ov5640_single/ov5640_single.srcs/sources_1/bd/system/system.bd'
INFO: [IP_Flow 19-1972] Upgraded system_alinx_ov5640_0_0 from alinx ov5640 5.4 to alinx ov5640 5.4
INFO: [IP_Flow 19-3422] Upgraded system_axi_gpio_0_0 (AXI GPIO 2.0) from revision 17 to revision 22
INFO: [IP_Flow 19-3422] Upgraded system_axi_mem_intercon_0 (AXI Interconnect 2.1) from revision 16 to revision 21
INFO: [IP_Flow 19-3422] Upgraded system_axi_vdma_0_0 (AXI Video Direct Memory Access 6.3) from revision 3 to revision 8
INFO: [IP_Flow 19-3422] Upgraded system_axi_vdma_1_0 (AXI Video Direct Memory Access 6.3) from revision 3 to revision 8
INFO: [IP_Flow 19-3422] Upgraded system_axis_subset_converter_0_1 (AXI4-Stream Subset Converter 1.1) from revision 15 to revision 20
INFO: [IP_Flow 19-3422] Upgraded system_processing_system7_0_axi_periph_0 (AXI Interconnect 2.1) from revision 16 to revision 21
INFO: [IP_Flow 19-3422] Upgraded system_rst_processing_system7_0_100M_0 (Processor System Reset 5.0) from revision 12 to revision 13
INFO: [IP_Flow 19-3422] Upgraded system_rst_processing_system7_0_150M_0 (Processor System Reset 5.0) from revision 12 to revision 13
INFO: [IP_Flow 19-3422] Upgraded system_v_axi4s_vid_out_0_0 (AXI4-Stream to Video Out 4.0) from revision 8 to revision 10
WARNING: [IP_Flow 19-4698] Upgrade has added port 'fifo_read_level'
WARNING: [IP_Flow 19-3298] Detected external port differences while upgrading 'system_v_axi4s_vid_out_0_0'. These changes may impact your design.
WARNING: [IP_Flow 19-3374] An attempt to modify the value of disabled parameter 'GEN_F0_VSYNC_HSTART' from '640' to '1280' has been ignored for IP 'system_v_tc_0_0'
WARNING: [IP_Flow 19-3374] An attempt to modify the value of disabled parameter 'GEN_F0_VSYNC_HEND' from '695' to '1280' has been ignored for IP 'system_v_tc_0_0'
WARNING: [IP_Flow 19-3374] An attempt to modify the value of disabled parameter 'GEN_F0_VBLANK_HSTART' from '640' to '1280' has been ignored for IP 'system_v_tc_0_0'
WARNING: [IP_Flow 19-3374] An attempt to modify the value of disabled parameter 'GEN_F0_VBLANK_HEND' from '640' to '1280' has been ignored for IP 'system_v_tc_0_0'
WARNING: [IP_Flow 19-3374] An attempt to modify the value of disabled parameter 'GEN_F1_VSYNC_HSTART' from '695' to '1280' has been ignored for IP 'system_v_tc_0_0'
WARNING: [IP_Flow 19-3374] An attempt to modify the value of disabled parameter 'GEN_F1_VSYNC_HEND' from '695' to '1280' has been ignored for IP 'system_v_tc_0_0'
WARNING: [IP_Flow 19-3374] An attempt to modify the value of disabled parameter 'GEN_F1_VBLANK_HSTART' from '640' to '1280' has been ignored for IP 'system_v_tc_0_0'
WARNING: [IP_Flow 19-3374] An attempt to modify the value of disabled parameter 'GEN_F1_VBLANK_HEND' from '640' to '1280' has been ignored for IP 'system_v_tc_0_0'
WARNING: [IP_Flow 19-3501] Upgraded system_v_tc_0_0 from Video Timing Controller 6.1 to Video Timing Controller 6.2, with warnings. Please review the message log.
INFO: [IP_Flow 19-3422] Upgraded system_xlconcat_0_0 (Concat 2.1) from revision 1 to revision 3
INFO: [IP_Flow 19-3422] Upgraded system_xlconstant_1_0 (Constant 1.1) from revision 3 to revision 6
CRITICAL WARNING: [Coretcl 2-1279] The upgrade of 'system_v_axi4s_vid_out_0_0' has identified issues that may require user intervention. Please review the upgrade log 'c:/Users/ZhouLin/Desktop/Sound_source_localization/ov5640_single/ip_upgrade.log', and verify that the upgraded IP is correctly configured.
CRITICAL WARNING: [Coretcl 2-1279] The upgrade of 'system_v_tc_0_0' has identified issues that may require user intervention. Please review the upgrade log 'c:/Users/ZhouLin/Desktop/Sound_source_localization/ov5640_single/ip_upgrade.log', and verify that the upgraded IP is correctly configured.
Wrote  : <C:\Users\ZhouLin\Desktop\Sound_source_localization\ov5640_single\ov5640_single.srcs\sources_1\bd\system\system.bd> 
INFO: [BD 41-2124] The block design file <C:/Users/ZhouLin/Desktop/Sound_source_localization/ov5640_single/ov5640_single.srcs/sources_1/bd/system/system.bd> has changed from an XML format to a JSON format. All flows are expected to work as in prior versions of Vivado. Please contact your Xilinx Support representative, in case of any issues.
Wrote  : <C:/Users/ZhouLin/Desktop/Sound_source_localization/ov5640_single/ov5640_single.srcs/sources_1/bd/system/ui/bd_c954508f.ui> 
INFO: [Coretcl 2-1525] Wrote upgrade log to 'C:/Users/ZhouLin/Desktop/Sound_source_localization/ov5640_single/ip_upgrade.log'.
upgrade_ip: Time (s): cpu = 00:00:31 ; elapsed = 00:00:30 . Memory (MB): peak = 1443.387 ; gain = 0.000
export_ip_user_files -of_objects [get_ips {system_axi_vdma_1_0 system_v_tc_0_0 system_xlconcat_0_0 system_v_axi4s_vid_out_0_0 system_axi_mem_intercon_0 system_rst_processing_system7_0_100M_0 system_xlconstant_1_0 system_rst_processing_system7_0_150M_0 system_alinx_ov5640_0_0 system_axi_vdma_0_0 system_axis_subset_converter_0_1 system_axi_gpio_0_0 system_processing_system7_0_axi_periph_0}] -no_script -sync -force -quiet
generate_target all [get_files  C:/Users/ZhouLin/Desktop/Sound_source_localization/ov5640_single/ov5640_single.srcs/sources_1/bd/system/system.bd]
INFO: [xilinx.com:ip:axi_vdma:6.3-17] /axi_vdma_1 
                    All clocks connected to AXI VDMA are not identical, therefore configuring AXI-VDMA in ASYNC mode.
INFO: [xilinx.com:ip:axi_vdma:6.3-16] /axi_vdma_0 
                    All clocks connected to AXI VDMA are not identical, therefore configuring AXI-VDMA in ASYNC mode.
WARNING: [BD 41-927] Following properties on pin /alinx_ov5640_0/m_axis_video_aclk have been updated from connected ip. They may not be synchronized with cell properties. You can set property on pin directly to confirm the value and resolve the warning.
	FREQ_HZ=142857132 
Wrote  : <C:\Users\ZhouLin\Desktop\Sound_source_localization\ov5640_single\ov5640_single.srcs\sources_1\bd\system\system.bd> 
WARNING: [BD 41-235] Width mismatch when connecting pin: '/axi_mem_intercon/m00_couplers/auto_pc/m_axi_bid'(1) to net 'auto_pc_to_m00_couplers_BID'(6) - Only lower order bits will be connected.
WARNING: [BD 41-235] Width mismatch when connecting pin: '/axi_mem_intercon/m00_couplers/auto_pc/m_axi_rid'(1) to net 'auto_pc_to_m00_couplers_RID'(6) - Only lower order bits will be connected.
WARNING: [BD 41-235] Width mismatch when connecting pin: '/processing_system7_0/S_AXI_HP0_AWID'(6) to net 'axi_mem_intercon_M00_AXI_AWID'(1) - Only lower order bits will be connected.
WARNING: [BD 41-235] Width mismatch when connecting pin: '/processing_system7_0/S_AXI_HP0_WID'(6) to net 'axi_mem_intercon_M00_AXI_WID'(1) - Only lower order bits will be connected.
WARNING: [BD 41-235] Width mismatch when connecting pin: '/processing_system7_0/S_AXI_HP0_ARID'(6) to net 'axi_mem_intercon_M00_AXI_ARID'(1) - Only lower order bits will be connected.
VHDL Output written to : C:/Users/ZhouLin/Desktop/Sound_source_localization/ov5640_single/ov5640_single.srcs/sources_1/bd/system/synth/system.v
WARNING: [BD 41-235] Width mismatch when connecting pin: '/axi_mem_intercon/m00_couplers/auto_pc/m_axi_bid'(1) to net 'auto_pc_to_m00_couplers_BID'(6) - Only lower order bits will be connected.
WARNING: [BD 41-235] Width mismatch when connecting pin: '/axi_mem_intercon/m00_couplers/auto_pc/m_axi_rid'(1) to net 'auto_pc_to_m00_couplers_RID'(6) - Only lower order bits will be connected.
WARNING: [BD 41-235] Width mismatch when connecting pin: '/processing_system7_0/S_AXI_HP0_AWID'(6) to net 'axi_mem_intercon_M00_AXI_AWID'(1) - Only lower order bits will be connected.
WARNING: [BD 41-235] Width mismatch when connecting pin: '/processing_system7_0/S_AXI_HP0_WID'(6) to net 'axi_mem_intercon_M00_AXI_WID'(1) - Only lower order bits will be connected.
WARNING: [BD 41-235] Width mismatch when connecting pin: '/processing_system7_0/S_AXI_HP0_ARID'(6) to net 'axi_mem_intercon_M00_AXI_ARID'(1) - Only lower order bits will be connected.
VHDL Output written to : C:/Users/ZhouLin/Desktop/Sound_source_localization/ov5640_single/ov5640_single.srcs/sources_1/bd/system/sim/system.v
VHDL Output written to : C:/Users/ZhouLin/Desktop/Sound_source_localization/ov5640_single/ov5640_single.srcs/sources_1/bd/system/hdl/system_wrapper.v
INFO: [IP_Flow 19-3422] Upgraded ila_0 (ILA (Integrated Logic Analyzer) 6.2) from revision 5 to revision 10
INFO: [BD 41-1029] Generation completed for the IP Integrator block alinx_ov5640_0 .
INFO: [BD 41-1029] Generation completed for the IP Integrator block axi_dynclk_0 .
INFO: [BD 41-1029] Generation completed for the IP Integrator block axi_vdma_0 .
INFO: [BD 41-1029] Generation completed for the IP Integrator block axi_vdma_1 .
WARNING: [IP_Flow 19-5611] Unable to find an associated reset port for the interface 'M_AXI_GP0'. A default connection has been created.
WARNING: [IP_Flow 19-5611] Unable to find an associated reset port for the interface 'S_AXI_HP0'. A default connection has been created.
INFO: [BD 41-1029] Generation completed for the IP Integrator block processing_system7_0 .
INFO: [BD 41-1029] Generation completed for the IP Integrator block rst_processing_system7_0_100M .
INFO: [BD 41-1029] Generation completed for the IP Integrator block rst_processing_system7_0_150M .
INFO: [BD 41-1029] Generation completed for the IP Integrator block v_axi4s_vid_out_0 .
INFO: [BD 41-1029] Generation completed for the IP Integrator block v_tc_0 .
INFO: [BD 41-1029] Generation completed for the IP Integrator block xlconcat_0 .
INFO: [BD 41-1029] Generation completed for the IP Integrator block xlconstant_1 .
INFO: [BD 41-1029] Generation completed for the IP Integrator block axis_subset_converter_0 .
INFO: [BD 41-1029] Generation completed for the IP Integrator block rgb2dvi_0 .
INFO: [BD 41-1029] Generation completed for the IP Integrator block cmos_rst .
INFO: [BD 41-1029] Generation completed for the IP Integrator block axi_mem_intercon/xbar .
INFO: [BD 41-1029] Generation completed for the IP Integrator block processing_system7_0_axi_periph/xbar .
WARNING: [IP_Flow 19-4994] Overwriting existing constraint file 'c:/Users/ZhouLin/Desktop/Sound_source_localization/ov5640_single/ov5640_single.srcs/sources_1/bd/system/ip/system_auto_pc_0/system_auto_pc_0_ooc.xdc'
INFO: [BD 41-1029] Generation completed for the IP Integrator block axi_mem_intercon/m00_couplers/auto_pc .
WARNING: [IP_Flow 19-4994] Overwriting existing constraint file 'c:/Users/ZhouLin/Desktop/Sound_source_localization/ov5640_single/ov5640_single.srcs/sources_1/bd/system/ip/system_auto_pc_1/system_auto_pc_1_ooc.xdc'
INFO: [BD 41-1029] Generation completed for the IP Integrator block processing_system7_0_axi_periph/s00_couplers/auto_pc .
Exporting to file C:/Users/ZhouLin/Desktop/Sound_source_localization/ov5640_single/ov5640_single.srcs/sources_1/bd/system/hw_handoff/system.hwh
Generated Block Design Tcl file C:/Users/ZhouLin/Desktop/Sound_source_localization/ov5640_single/ov5640_single.srcs/sources_1/bd/system/hw_handoff/system_bd.tcl
Generated Hardware Definition File C:/Users/ZhouLin/Desktop/Sound_source_localization/ov5640_single/ov5640_single.srcs/sources_1/bd/system/synth/system.hwdef
generate_target: Time (s): cpu = 00:00:47 ; elapsed = 00:00:50 . Memory (MB): peak = 1492.172 ; gain = 48.785
export_ip_user_files -of_objects [get_files C:/Users/ZhouLin/Desktop/Sound_source_localization/ov5640_single/ov5640_single.srcs/sources_1/bd/system/system.bd] -no_script -sync -force -quiet
create_ip_run [get_files -of_objects [get_fileset sources_1] C:/Users/ZhouLin/Desktop/Sound_source_localization/ov5640_single/ov5640_single.srcs/sources_1/bd/system/system.bd]
create_ip_run: Time (s): cpu = 00:00:05 ; elapsed = 00:00:06 . Memory (MB): peak = 1492.172 ; gain = 0.000
launch_runs -jobs 10 {system_processing_system7_0_0_synth_1 system_axi_dynclk_0_0_synth_1 system_rgb2dvi_0_0_synth_1 system_alinx_ov5640_0_0_synth_1 system_axi_vdma_0_0_synth_1 system_axi_vdma_1_0_synth_1 system_rst_processing_system7_0_100M_0_synth_1 system_rst_processing_system7_0_150M_0_synth_1 system_v_axi4s_vid_out_0_0_synth_1 system_v_tc_0_0_synth_1 system_axis_subset_converter_0_1_synth_1 system_axi_gpio_0_0_synth_1 system_xbar_2_synth_1 system_xbar_3_synth_1 system_auto_pc_0_synth_1 system_auto_pc_1_synth_1}
[Sun Jan 29 05:11:32 2023] Launched system_processing_system7_0_0_synth_1, system_axi_dynclk_0_0_synth_1, system_rgb2dvi_0_0_synth_1, system_alinx_ov5640_0_0_synth_1, system_axi_vdma_0_0_synth_1, system_axi_vdma_1_0_synth_1, system_rst_processing_system7_0_100M_0_synth_1, system_rst_processing_system7_0_150M_0_synth_1, system_v_axi4s_vid_out_0_0_synth_1, system_v_tc_0_0_synth_1, system_axis_subset_converter_0_1_synth_1, system_axi_gpio_0_0_synth_1, system_xbar_2_synth_1, system_xbar_3_synth_1, system_auto_pc_0_synth_1, system_auto_pc_1_synth_1...
Run output will be captured here:
system_processing_system7_0_0_synth_1: C:/Users/ZhouLin/Desktop/Sound_source_localization/ov5640_single/ov5640_single.runs/system_processing_system7_0_0_synth_1/runme.log
system_axi_dynclk_0_0_synth_1: C:/Users/ZhouLin/Desktop/Sound_source_localization/ov5640_single/ov5640_single.runs/system_axi_dynclk_0_0_synth_1/runme.log
system_rgb2dvi_0_0_synth_1: C:/Users/ZhouLin/Desktop/Sound_source_localization/ov5640_single/ov5640_single.runs/system_rgb2dvi_0_0_synth_1/runme.log
system_alinx_ov5640_0_0_synth_1: C:/Users/ZhouLin/Desktop/Sound_source_localization/ov5640_single/ov5640_single.runs/system_alinx_ov5640_0_0_synth_1/runme.log
system_axi_vdma_0_0_synth_1: C:/Users/ZhouLin/Desktop/Sound_source_localization/ov5640_single/ov5640_single.runs/system_axi_vdma_0_0_synth_1/runme.log
system_axi_vdma_1_0_synth_1: C:/Users/ZhouLin/Desktop/Sound_source_localization/ov5640_single/ov5640_single.runs/system_axi_vdma_1_0_synth_1/runme.log
system_rst_processing_system7_0_100M_0_synth_1: C:/Users/ZhouLin/Desktop/Sound_source_localization/ov5640_single/ov5640_single.runs/system_rst_processing_system7_0_100M_0_synth_1/runme.log
system_rst_processing_system7_0_150M_0_synth_1: C:/Users/ZhouLin/Desktop/Sound_source_localization/ov5640_single/ov5640_single.runs/system_rst_processing_system7_0_150M_0_synth_1/runme.log
system_v_axi4s_vid_out_0_0_synth_1: C:/Users/ZhouLin/Desktop/Sound_source_localization/ov5640_single/ov5640_single.runs/system_v_axi4s_vid_out_0_0_synth_1/runme.log
system_v_tc_0_0_synth_1: C:/Users/ZhouLin/Desktop/Sound_source_localization/ov5640_single/ov5640_single.runs/system_v_tc_0_0_synth_1/runme.log
system_axis_subset_converter_0_1_synth_1: C:/Users/ZhouLin/Desktop/Sound_source_localization/ov5640_single/ov5640_single.runs/system_axis_subset_converter_0_1_synth_1/runme.log
system_axi_gpio_0_0_synth_1: C:/Users/ZhouLin/Desktop/Sound_source_localization/ov5640_single/ov5640_single.runs/system_axi_gpio_0_0_synth_1/runme.log
system_xbar_2_synth_1: C:/Users/ZhouLin/Desktop/Sound_source_localization/ov5640_single/ov5640_single.runs/system_xbar_2_synth_1/runme.log
system_xbar_3_synth_1: C:/Users/ZhouLin/Desktop/Sound_source_localization/ov5640_single/ov5640_single.runs/system_xbar_3_synth_1/runme.log
system_auto_pc_0_synth_1: C:/Users/ZhouLin/Desktop/Sound_source_localization/ov5640_single/ov5640_single.runs/system_auto_pc_0_synth_1/runme.log
system_auto_pc_1_synth_1: C:/Users/ZhouLin/Desktop/Sound_source_localization/ov5640_single/ov5640_single.runs/system_auto_pc_1_synth_1/runme.log
launch_runs: Time (s): cpu = 00:00:04 ; elapsed = 00:00:08 . Memory (MB): peak = 1492.172 ; gain = 0.000
export_simulation -of_objects [get_files C:/Users/ZhouLin/Desktop/Sound_source_localization/ov5640_single/ov5640_single.srcs/sources_1/bd/system/system.bd] -directory C:/Users/ZhouLin/Desktop/Sound_source_localization/ov5640_single/ov5640_single.ip_user_files/sim_scripts -ip_user_files_dir C:/Users/ZhouLin/Desktop/Sound_source_localization/ov5640_single/ov5640_single.ip_user_files -ipstatic_source_dir C:/Users/ZhouLin/Desktop/Sound_source_localization/ov5640_single/ov5640_single.ip_user_files/ipstatic -lib_map_path [list {modelsim=C:/Users/ZhouLin/Desktop/Sound_source_localization/ov5640_single/ov5640_single.cache/compile_simlib/modelsim} {questa=C:/Users/ZhouLin/Desktop/Sound_source_localization/ov5640_single/ov5640_single.cache/compile_simlib/questa} {riviera=C:/Users/ZhouLin/Desktop/Sound_source_localization/ov5640_single/ov5640_single.cache/compile_simlib/riviera} {activehdl=C:/Users/ZhouLin/Desktop/Sound_source_localization/ov5640_single/ov5640_single.cache/compile_simlib/activehdl}] -use_ip_compiled_libs -force -quiet
regenerate_bd_layout
WARNING: [IP_Flow 19-474] Invalid Parameter 'Component_Name'
WARNING: [IP_Flow 19-474] Invalid Parameter 'Component_Name'
startgroup
set_property -dict [list CONFIG.PCW_QSPI_PERIPHERAL_ENABLE {0} CONFIG.PCW_ENET0_PERIPHERAL_ENABLE {0} CONFIG.PCW_SD0_PERIPHERAL_ENABLE {0} CONFIG.PCW_USB0_PERIPHERAL_ENABLE {0} CONFIG.PCW_GPIO_MIO_GPIO_ENABLE {0}] [get_bd_cells processing_system7_0]
WARNING: [BD 41-176] The physical port 'M_AXI_GP0_aximm_wr_socket' specified in the portmap, is not found on the block! 
WARNING: [BD 41-176] The physical port 'M_AXI_GP0_aximm_rd_socket' specified in the portmap, is not found on the block! 
WARNING: [BD 41-176] The physical port 'S_AXI_HP0_aximm_wr_socket' specified in the portmap, is not found on the block! 
WARNING: [BD 41-176] The physical port 'S_AXI_HP0_aximm_rd_socket' specified in the portmap, is not found on the block! 
endgroup
WARNING: [IP_Flow 19-474] Invalid Parameter 'Component_Name'
startgroup
set_property -dict [list CONFIG.PCW_UIPARAM_DDR_BUS_WIDTH {16 Bit} CONFIG.PCW_UIPARAM_DDR_PARTNO {Custom} CONFIG.PCW_UIPARAM_DDR_SPEED_BIN {DDR3_1066G} CONFIG.PCW_UART1_PERIPHERAL_ENABLE {1} CONFIG.PCW_UART1_UART1_IO {MIO 24 .. 25}] [get_bd_cells processing_system7_0]
WARNING: [BD 41-176] The physical port 'M_AXI_GP0_aximm_wr_socket' specified in the portmap, is not found on the block! 
WARNING: [BD 41-176] The physical port 'M_AXI_GP0_aximm_rd_socket' specified in the portmap, is not found on the block! 
WARNING: [BD 41-176] The physical port 'S_AXI_HP0_aximm_wr_socket' specified in the portmap, is not found on the block! 
WARNING: [BD 41-176] The physical port 'S_AXI_HP0_aximm_rd_socket' specified in the portmap, is not found on the block! 
endgroup
startgroup
create_bd_cell -type ip -vlnv xilinx.com:ip:xlconstant:1.1 xlconstant_0
endgroup
set_property -dict [list CONFIG.CONST_VAL {0}] [get_bd_cells xlconstant_0]
startgroup
make_bd_pins_external  [get_bd_pins xlconstant_0/dout]
endgroup
set_property name pwdn [get_bd_ports dout_0]
save_bd_design
Wrote  : <C:\Users\ZhouLin\Desktop\Sound_source_localization\ov5640_single\ov5640_single.srcs\sources_1\bd\system\system.bd> 
Wrote  : <C:/Users/ZhouLin/Desktop/Sound_source_localization/ov5640_single/ov5640_single.srcs/sources_1/bd/system/ui/bd_c954508f.ui> 
generate_target all [get_files  C:/Users/ZhouLin/Desktop/Sound_source_localization/ov5640_single/ov5640_single.srcs/sources_1/bd/system/system.bd]
WARNING: [BD 41-176] The physical port 'M_AXI_GP0_aximm_wr_socket' specified in the portmap, is not found on the block! 
WARNING: [BD 41-176] The physical port 'M_AXI_GP0_aximm_rd_socket' specified in the portmap, is not found on the block! 
WARNING: [BD 41-176] The physical port 'S_AXI_HP0_aximm_wr_socket' specified in the portmap, is not found on the block! 
WARNING: [BD 41-176] The physical port 'S_AXI_HP0_aximm_rd_socket' specified in the portmap, is not found on the block! 
INFO: [xilinx.com:ip:axi_vdma:6.3-17] /axi_vdma_1 
                    All clocks connected to AXI VDMA are not identical, therefore configuring AXI-VDMA in ASYNC mode.
INFO: [xilinx.com:ip:axi_vdma:6.3-16] /axi_vdma_0 
                    All clocks connected to AXI VDMA are not identical, therefore configuring AXI-VDMA in ASYNC mode.
WARNING: [BD 41-927] Following properties on pin /alinx_ov5640_0/m_axis_video_aclk have been updated from connected ip. They may not be synchronized with cell properties. You can set property on pin directly to confirm the value and resolve the warning.
	FREQ_HZ=150000000 
Wrote  : <C:\Users\ZhouLin\Desktop\Sound_source_localization\ov5640_single\ov5640_single.srcs\sources_1\bd\system\system.bd> 
WARNING: [BD 41-235] Width mismatch when connecting pin: '/axi_mem_intercon/m00_couplers/auto_pc/m_axi_bid'(1) to net 'auto_pc_to_m00_couplers_BID'(6) - Only lower order bits will be connected.
WARNING: [BD 41-235] Width mismatch when connecting pin: '/axi_mem_intercon/m00_couplers/auto_pc/m_axi_rid'(1) to net 'auto_pc_to_m00_couplers_RID'(6) - Only lower order bits will be connected.
WARNING: [BD 41-235] Width mismatch when connecting pin: '/processing_system7_0/S_AXI_HP0_AWID'(6) to net 'axi_mem_intercon_M00_AXI_AWID'(1) - Only lower order bits will be connected.
WARNING: [BD 41-235] Width mismatch when connecting pin: '/processing_system7_0/S_AXI_HP0_WID'(6) to net 'axi_mem_intercon_M00_AXI_WID'(1) - Only lower order bits will be connected.
WARNING: [BD 41-235] Width mismatch when connecting pin: '/processing_system7_0/S_AXI_HP0_ARID'(6) to net 'axi_mem_intercon_M00_AXI_ARID'(1) - Only lower order bits will be connected.
VHDL Output written to : C:/Users/ZhouLin/Desktop/Sound_source_localization/ov5640_single/ov5640_single.srcs/sources_1/bd/system/synth/system.v
WARNING: [BD 41-235] Width mismatch when connecting pin: '/axi_mem_intercon/m00_couplers/auto_pc/m_axi_bid'(1) to net 'auto_pc_to_m00_couplers_BID'(6) - Only lower order bits will be connected.
WARNING: [BD 41-235] Width mismatch when connecting pin: '/axi_mem_intercon/m00_couplers/auto_pc/m_axi_rid'(1) to net 'auto_pc_to_m00_couplers_RID'(6) - Only lower order bits will be connected.
WARNING: [BD 41-235] Width mismatch when connecting pin: '/processing_system7_0/S_AXI_HP0_AWID'(6) to net 'axi_mem_intercon_M00_AXI_AWID'(1) - Only lower order bits will be connected.
WARNING: [BD 41-235] Width mismatch when connecting pin: '/processing_system7_0/S_AXI_HP0_WID'(6) to net 'axi_mem_intercon_M00_AXI_WID'(1) - Only lower order bits will be connected.
WARNING: [BD 41-235] Width mismatch when connecting pin: '/processing_system7_0/S_AXI_HP0_ARID'(6) to net 'axi_mem_intercon_M00_AXI_ARID'(1) - Only lower order bits will be connected.
VHDL Output written to : C:/Users/ZhouLin/Desktop/Sound_source_localization/ov5640_single/ov5640_single.srcs/sources_1/bd/system/sim/system.v
VHDL Output written to : C:/Users/ZhouLin/Desktop/Sound_source_localization/ov5640_single/ov5640_single.srcs/sources_1/bd/system/hdl/system_wrapper.v
INFO: [BD 41-1029] Generation completed for the IP Integrator block alinx_ov5640_0 .
INFO: [BD 41-1029] Generation completed for the IP Integrator block axi_dynclk_0 .
INFO: [BD 41-1029] Generation completed for the IP Integrator block axi_vdma_0 .
INFO: [BD 41-1029] Generation completed for the IP Integrator block axi_vdma_1 .
WARNING: [IP_Flow 19-5611] Unable to find an associated reset port for the interface 'M_AXI_GP0'. A default connection has been created.
WARNING: [IP_Flow 19-5611] Unable to find an associated reset port for the interface 'S_AXI_HP0'. A default connection has been created.
INFO: [BD 41-1029] Generation completed for the IP Integrator block processing_system7_0 .
INFO: [BD 41-1029] Generation completed for the IP Integrator block rst_processing_system7_0_100M .
INFO: [BD 41-1029] Generation completed for the IP Integrator block rst_processing_system7_0_150M .
INFO: [BD 41-1029] Generation completed for the IP Integrator block v_axi4s_vid_out_0 .
INFO: [BD 41-1029] Generation completed for the IP Integrator block v_tc_0 .
INFO: [BD 41-1029] Generation completed for the IP Integrator block xlconcat_0 .
INFO: [BD 41-1029] Generation completed for the IP Integrator block xlconstant_1 .
INFO: [BD 41-1029] Generation completed for the IP Integrator block axis_subset_converter_0 .
INFO: [BD 41-1029] Generation completed for the IP Integrator block rgb2dvi_0 .
INFO: [BD 41-1029] Generation completed for the IP Integrator block cmos_rst .
INFO: [BD 41-1029] Generation completed for the IP Integrator block axi_mem_intercon/xbar .
INFO: [BD 41-1029] Generation completed for the IP Integrator block processing_system7_0_axi_periph/xbar .
INFO: [BD 41-1029] Generation completed for the IP Integrator block xlconstant_0 .
WARNING: [IP_Flow 19-4994] Overwriting existing constraint file 'c:/Users/ZhouLin/Desktop/Sound_source_localization/ov5640_single/ov5640_single.srcs/sources_1/bd/system/ip/system_auto_pc_0/system_auto_pc_0_ooc.xdc'
INFO: [BD 41-1029] Generation completed for the IP Integrator block axi_mem_intercon/m00_couplers/auto_pc .
WARNING: [IP_Flow 19-4994] Overwriting existing constraint file 'c:/Users/ZhouLin/Desktop/Sound_source_localization/ov5640_single/ov5640_single.srcs/sources_1/bd/system/ip/system_auto_pc_1/system_auto_pc_1_ooc.xdc'
INFO: [BD 41-1029] Generation completed for the IP Integrator block processing_system7_0_axi_periph/s00_couplers/auto_pc .
Exporting to file C:/Users/ZhouLin/Desktop/Sound_source_localization/ov5640_single/ov5640_single.srcs/sources_1/bd/system/hw_handoff/system.hwh
Generated Block Design Tcl file C:/Users/ZhouLin/Desktop/Sound_source_localization/ov5640_single/ov5640_single.srcs/sources_1/bd/system/hw_handoff/system_bd.tcl
Generated Hardware Definition File C:/Users/ZhouLin/Desktop/Sound_source_localization/ov5640_single/ov5640_single.srcs/sources_1/bd/system/synth/system.hwdef
generate_target: Time (s): cpu = 00:00:34 ; elapsed = 00:00:41 . Memory (MB): peak = 1835.105 ; gain = 46.961
export_ip_user_files -of_objects [get_files C:/Users/ZhouLin/Desktop/Sound_source_localization/ov5640_single/ov5640_single.srcs/sources_1/bd/system/system.bd] -no_script -sync -force -quiet
create_ip_run [get_files -of_objects [get_fileset sources_1] C:/Users/ZhouLin/Desktop/Sound_source_localization/ov5640_single/ov5640_single.srcs/sources_1/bd/system/system.bd]
launch_runs -jobs 10 {system_processing_system7_0_0_synth_1 system_rst_processing_system7_0_150M_0_synth_1 system_v_axi4s_vid_out_0_0_synth_1 system_xbar_2_synth_1 system_auto_pc_0_synth_1 system_auto_pc_1_synth_1}
[Sun Jan 29 05:27:05 2023] Launched system_processing_system7_0_0_synth_1, system_rst_processing_system7_0_150M_0_synth_1, system_v_axi4s_vid_out_0_0_synth_1, system_xbar_2_synth_1, system_auto_pc_0_synth_1, system_auto_pc_1_synth_1...
Run output will be captured here:
system_processing_system7_0_0_synth_1: C:/Users/ZhouLin/Desktop/Sound_source_localization/ov5640_single/ov5640_single.runs/system_processing_system7_0_0_synth_1/runme.log
system_rst_processing_system7_0_150M_0_synth_1: C:/Users/ZhouLin/Desktop/Sound_source_localization/ov5640_single/ov5640_single.runs/system_rst_processing_system7_0_150M_0_synth_1/runme.log
system_v_axi4s_vid_out_0_0_synth_1: C:/Users/ZhouLin/Desktop/Sound_source_localization/ov5640_single/ov5640_single.runs/system_v_axi4s_vid_out_0_0_synth_1/runme.log
system_xbar_2_synth_1: C:/Users/ZhouLin/Desktop/Sound_source_localization/ov5640_single/ov5640_single.runs/system_xbar_2_synth_1/runme.log
system_auto_pc_0_synth_1: C:/Users/ZhouLin/Desktop/Sound_source_localization/ov5640_single/ov5640_single.runs/system_auto_pc_0_synth_1/runme.log
system_auto_pc_1_synth_1: C:/Users/ZhouLin/Desktop/Sound_source_localization/ov5640_single/ov5640_single.runs/system_auto_pc_1_synth_1/runme.log
export_simulation -of_objects [get_files C:/Users/ZhouLin/Desktop/Sound_source_localization/ov5640_single/ov5640_single.srcs/sources_1/bd/system/system.bd] -directory C:/Users/ZhouLin/Desktop/Sound_source_localization/ov5640_single/ov5640_single.ip_user_files/sim_scripts -ip_user_files_dir C:/Users/ZhouLin/Desktop/Sound_source_localization/ov5640_single/ov5640_single.ip_user_files -ipstatic_source_dir C:/Users/ZhouLin/Desktop/Sound_source_localization/ov5640_single/ov5640_single.ip_user_files/ipstatic -lib_map_path [list {modelsim=C:/Users/ZhouLin/Desktop/Sound_source_localization/ov5640_single/ov5640_single.cache/compile_simlib/modelsim} {questa=C:/Users/ZhouLin/Desktop/Sound_source_localization/ov5640_single/ov5640_single.cache/compile_simlib/questa} {riviera=C:/Users/ZhouLin/Desktop/Sound_source_localization/ov5640_single/ov5640_single.cache/compile_simlib/riviera} {activehdl=C:/Users/ZhouLin/Desktop/Sound_source_localization/ov5640_single/ov5640_single.cache/compile_simlib/activehdl}] -use_ip_compiled_libs -force -quiet
reset_run synth_1
launch_runs impl_1 -to_step write_bitstream -jobs 10
[Sun Jan 29 05:29:58 2023] Launched synth_1...
Run output will be captured here: C:/Users/ZhouLin/Desktop/Sound_source_localization/ov5640_single/ov5640_single.runs/synth_1/runme.log
[Sun Jan 29 05:29:58 2023] Launched impl_1...
Run output will be captured here: C:/Users/ZhouLin/Desktop/Sound_source_localization/ov5640_single/ov5640_single.runs/impl_1/runme.log
write_hw_platform -fixed -force  -include_bit -file C:/Users/ZhouLin/Desktop/Sound_source_localization/ov5640_single/ov5640_single.vitis/system_wrapper.xsa
INFO: [Vivado 12-4895] Creating Hardware Platform: C:/Users/ZhouLin/Desktop/Sound_source_localization/ov5640_single/ov5640_single.vitis/system_wrapper.xsa ...
INFO: [Hsi 55-2053] elapsed time for repository (E:/Xilinx/Vivado/2019.2/data\embeddedsw) loading 0 seconds
INFO: [Vivado 12-4896] Successfully created Hardware Platform: C:/Users/ZhouLin/Desktop/Sound_source_localization/ov5640_single/ov5640_single.vitis/system_wrapper.xsa
write_hw_platform: Time (s): cpu = 00:00:08 ; elapsed = 00:00:10 . Memory (MB): peak = 1887.566 ; gain = 52.461
INFO: [Vivado 12-8231] Launching Vitis
INFO: [Vivado 12-417] Running vitis
INFO: [Vivado 12-8232] Vitis launch initiated. Please check console for any further messages.
WARNING: [IP_Flow 19-474] Invalid Parameter 'Component_Name'
WARNING: [IP_Flow 19-474] Invalid Parameter 'Component_Name'
exit
INFO: [Common 17-206] Exiting Vivado at Sun Jan 29 07:12:34 2023...
